<?xml version="1.0" encoding="utf-8" ?>
<!DOCTYPE html PUBLIC "-//W3C//DTD XHTML 1.0 Strict//EN"
        "http://www.w3.org/TR/xhtml1/DTD/xhtml1-strict.dtd">
<html xmlns="http://www.w3.org/1999/xhtml" xml:lang="" lang="">
<head>
  <title>Test Results Report - Tao Phe Duyet Thong Thuong N Cap Tu Choi</title>
  <meta http-equiv="Content-Type" content="text/html;charset=utf-8" />
  <meta name="description" content="TestNG unit test results." />
  <link href="reportng.css" rel="stylesheet" type="text/css" />
    <script type="text/javascript" src="reportng.js"></script>
</head>
<body>
<h1>Tao Phe Duyet Thong Thuong N Cap Tu Choi</h1>
<p>
  Test duration: 947.139s
</p>



  <table class="resultsTable">
    <tr><th colspan="3" class="header failed">Failed Tests</th></tr>
          <tr>
        <td colspan="3" class="group">testSuites.web.user.pheDuyet.Tao_Phe_Duyet_Thong_Thuong_N_Cap_Tu_Choi</td>
      </tr>
            
<tr>
  <td class="method">
                  Auto_Web_PD137_Nguoi_Tao_KT_Chi_Tiet_Phe_Duyet_Sau_Khi_Nguoi_PD_N_Tu_Choi
      </td>
  <td class="duration">
    14.582s
  </td>
  <td class="result">
        
    
        

        <a href="javascript:toggleElement('exception-0', 'block')" title="Click to expand/collapse"><b>java.lang.AssertionError: expected [Đã uỷ quyền] but found [Đã ủy quyền]</b></a><br />
    <div class="stackTrace" id="exception-0">
              org.testng.Assert.fail(Assert.java:96)<br />
              org.testng.Assert.failNotEquals(Assert.java:776)<br />
              org.testng.Assert.assertEqualsImpl(Assert.java:137)<br />
              org.testng.Assert.assertEquals(Assert.java:118)<br />
              org.testng.Assert.assertEquals(Assert.java:442)<br />
              commons.web.BaseTest.verifyEquals(BaseTest.java:212)<br />
              testSuites.web.user.pheDuyet.Tao_Phe_Duyet_Thong_Thuong_N_Cap_Tu_Choi.Auto_Web_PD137_Nguoi_Tao_KT_Chi_Tiet_Phe_Duyet_Sau_Khi_Nguoi_PD_N_Tu_Choi(Tao_Phe_Duyet_Thong_Thuong_N_Cap_Tu_Choi.java:763)<br />
              java.base/jdk.internal.reflect.NativeMethodAccessorImpl.invoke0(Native Method)<br />
              java.base/jdk.internal.reflect.NativeMethodAccessorImpl.invoke(NativeMethodAccessorImpl.java:77)<br />
              java.base/jdk.internal.reflect.DelegatingMethodAccessorImpl.invoke(DelegatingMethodAccessorImpl.java:43)<br />
              java.base/java.lang.reflect.Method.invoke(Method.java:568)<br />
              org.testng.internal.MethodInvocationHelper.invokeMethod(MethodInvocationHelper.java:124)<br />
              org.testng.internal.Invoker.invokeMethod(Invoker.java:583)<br />
              org.testng.internal.Invoker.invokeTestMethod(Invoker.java:719)<br />
              org.testng.internal.Invoker.invokeTestMethods(Invoker.java:989)<br />
              org.testng.internal.TestMethodWorker.invokeTestMethods(TestMethodWorker.java:125)<br />
              org.testng.internal.TestMethodWorker.run(TestMethodWorker.java:109)<br />
              org.testng.TestRunner.privateRun(TestRunner.java:648)<br />
              org.testng.TestRunner.run(TestRunner.java:505)<br />
              org.testng.SuiteRunner.runTest(SuiteRunner.java:455)<br />
              org.testng.SuiteRunner.runSequentially(SuiteRunner.java:450)<br />
              org.testng.SuiteRunner.privateRun(SuiteRunner.java:415)<br />
              org.testng.SuiteRunner.run(SuiteRunner.java:364)<br />
              org.testng.SuiteRunnerWorker.runSuite(SuiteRunnerWorker.java:52)<br />
              org.testng.SuiteRunnerWorker.run(SuiteRunnerWorker.java:84)<br />
              org.testng.TestNG.runSuitesSequentially(TestNG.java:1208)<br />
              org.testng.TestNG.runSuitesLocally(TestNG.java:1137)<br />
              org.testng.TestNG.runSuites(TestNG.java:1049)<br />
              org.testng.TestNG.run(TestNG.java:1017)<br />
              com.intellij.rt.testng.IDEARemoteTestNG.run(IDEARemoteTestNG.java:65)<br />
              com.intellij.rt.testng.RemoteTestNGStarter.main(RemoteTestNGStarter.java:105)<br />
                </div>
      </td>
</tr>
<tr>
  <td class="method">
                  Auto_Web_PD138_Nguoi_PD_2_KT_Phe_Duyet_Sau_Khi_Nguoi_Duoc_Uy_Quyen_Tu_Choi
      </td>
  <td class="duration">
    30.767s
  </td>
  <td class="result">
        
    
        

        <a href="javascript:toggleElement('exception-1', 'block')" title="Click to expand/collapse"><b>org.openqa.selenium.TimeoutException: Expected condition failed: waiting for element to be clickable: By.xpath: //as-split-area//div[1]//div[@id=&apos;approvalDIV&apos;]/div//p[text()=&apos;Phê duyệt thông thường 4248&apos;] (tried for 12 second(s) with 500 milliseconds interval)<br/>
Build info: version: &apos;4.10.0&apos;, revision: &apos;c14d967899&apos;<br/>
System info: os.name: &apos;Windows 11&apos;, os.arch: &apos;amd64&apos;, os.version: &apos;10.0&apos;, java.version: &apos;17.0.12&apos;<br/>
Driver info: org.openqa.selenium.chrome.ChromeDriver<br/>
Capabilities {acceptInsecureCerts: false, browserName: chrome, browserVersion: 131.0.6778.86, chrome: {chromedriverVersion: 131.0.6778.85 (3d81e41b6f3a..., userDataDir: C:\Users\Admin\AppData\Loca...}, fedcm:accounts: true, goog:chromeOptions: {debuggerAddress: localhost:61679}, networkConnectionEnabled: false, pageLoadStrategy: normal, platformName: windows, proxy: Proxy(), se:cdp: ws://localhost:61679/devtoo..., se:cdpVersion: 131.0.6778.86, setWindowRect: true, strictFileInteractability: false, timeouts: {implicit: 0, pageLoad: 300000, script: 30000}, unhandledPromptBehavior: dismiss and notify, webauthn:extension:credBlob: true, webauthn:extension:largeBlob: true, webauthn:extension:minPinLength: true, webauthn:extension:prf: true, webauthn:virtualAuthenticators: true}<br/>
Session ID: b63e53c180416847c9d76d3e26df4e47</b></a><br />
    <div class="stackTrace" id="exception-1">
              org.openqa.selenium.support.ui.WebDriverWait.timeoutException(WebDriverWait.java:84)<br />
              org.openqa.selenium.support.ui.FluentWait.until(FluentWait.java:230)<br />
              commons.web.BasePage.waitForElementClickable(BasePage.java:589)<br />
              commons.web.BasePage.clickToElement(BasePage.java:168)<br />
              pageObjects.web.user.PheDuyetPO.clickToViewPheDuyetByName(PheDuyetPO.java:255)<br />
              testSuites.web.user.pheDuyet.Tao_Phe_Duyet_Thong_Thuong_N_Cap_Tu_Choi.Auto_Web_PD138_Nguoi_PD_2_KT_Phe_Duyet_Sau_Khi_Nguoi_Duoc_Uy_Quyen_Tu_Choi(Tao_Phe_Duyet_Thong_Thuong_N_Cap_Tu_Choi.java:532)<br />
              java.base/jdk.internal.reflect.NativeMethodAccessorImpl.invoke0(Native Method)<br />
              java.base/jdk.internal.reflect.NativeMethodAccessorImpl.invoke(NativeMethodAccessorImpl.java:77)<br />
              java.base/jdk.internal.reflect.DelegatingMethodAccessorImpl.invoke(DelegatingMethodAccessorImpl.java:43)<br />
              java.base/java.lang.reflect.Method.invoke(Method.java:568)<br />
              org.testng.internal.MethodInvocationHelper.invokeMethod(MethodInvocationHelper.java:124)<br />
              org.testng.internal.Invoker.invokeMethod(Invoker.java:583)<br />
              org.testng.internal.Invoker.invokeTestMethod(Invoker.java:719)<br />
              org.testng.internal.Invoker.invokeTestMethods(Invoker.java:989)<br />
              org.testng.internal.TestMethodWorker.invokeTestMethods(TestMethodWorker.java:125)<br />
              org.testng.internal.TestMethodWorker.run(TestMethodWorker.java:109)<br />
              org.testng.TestRunner.privateRun(TestRunner.java:648)<br />
              org.testng.TestRunner.run(TestRunner.java:505)<br />
              org.testng.SuiteRunner.runTest(SuiteRunner.java:455)<br />
              org.testng.SuiteRunner.runSequentially(SuiteRunner.java:450)<br />
              org.testng.SuiteRunner.privateRun(SuiteRunner.java:415)<br />
              org.testng.SuiteRunner.run(SuiteRunner.java:364)<br />
              org.testng.SuiteRunnerWorker.runSuite(SuiteRunnerWorker.java:52)<br />
              org.testng.SuiteRunnerWorker.run(SuiteRunnerWorker.java:84)<br />
              org.testng.TestNG.runSuitesSequentially(TestNG.java:1208)<br />
              org.testng.TestNG.runSuitesLocally(TestNG.java:1137)<br />
              org.testng.TestNG.runSuites(TestNG.java:1049)<br />
              org.testng.TestNG.run(TestNG.java:1017)<br />
              com.intellij.rt.testng.IDEARemoteTestNG.run(IDEARemoteTestNG.java:65)<br />
              com.intellij.rt.testng.RemoteTestNGStarter.main(RemoteTestNGStarter.java:105)<br />
                </div>
      </td>
</tr>
<tr>
  <td class="method">
                  Auto_Web_PD138_Nguoi_PD_2_KT_Phe_Duyet_Sau_Khi_Nguoi_PD_1_Tu_Choi
      </td>
  <td class="duration">
    30.805s
  </td>
  <td class="result">
        
    
        

        <a href="javascript:toggleElement('exception-2', 'block')" title="Click to expand/collapse"><b>org.openqa.selenium.TimeoutException: Expected condition failed: waiting for element to be clickable: By.xpath: //as-split-area//div[1]//div[@id=&apos;approvalDIV&apos;]/div//p[text()=&apos;Phê duyệt thông thường 4248&apos;] (tried for 12 second(s) with 500 milliseconds interval)<br/>
Build info: version: &apos;4.10.0&apos;, revision: &apos;c14d967899&apos;<br/>
System info: os.name: &apos;Windows 11&apos;, os.arch: &apos;amd64&apos;, os.version: &apos;10.0&apos;, java.version: &apos;17.0.12&apos;<br/>
Driver info: org.openqa.selenium.chrome.ChromeDriver<br/>
Capabilities {acceptInsecureCerts: false, browserName: chrome, browserVersion: 131.0.6778.86, chrome: {chromedriverVersion: 131.0.6778.85 (3d81e41b6f3a..., userDataDir: C:\Users\Admin\AppData\Loca...}, fedcm:accounts: true, goog:chromeOptions: {debuggerAddress: localhost:61679}, networkConnectionEnabled: false, pageLoadStrategy: normal, platformName: windows, proxy: Proxy(), se:cdp: ws://localhost:61679/devtoo..., se:cdpVersion: 131.0.6778.86, setWindowRect: true, strictFileInteractability: false, timeouts: {implicit: 0, pageLoad: 300000, script: 30000}, unhandledPromptBehavior: dismiss and notify, webauthn:extension:credBlob: true, webauthn:extension:largeBlob: true, webauthn:extension:minPinLength: true, webauthn:extension:prf: true, webauthn:virtualAuthenticators: true}<br/>
Session ID: b63e53c180416847c9d76d3e26df4e47</b></a><br />
    <div class="stackTrace" id="exception-2">
              org.openqa.selenium.support.ui.WebDriverWait.timeoutException(WebDriverWait.java:84)<br />
              org.openqa.selenium.support.ui.FluentWait.until(FluentWait.java:230)<br />
              commons.web.BasePage.waitForElementClickable(BasePage.java:589)<br />
              commons.web.BasePage.clickToElement(BasePage.java:168)<br />
              pageObjects.web.user.PheDuyetPO.clickToViewPheDuyetByName(PheDuyetPO.java:255)<br />
              testSuites.web.user.pheDuyet.Tao_Phe_Duyet_Thong_Thuong_N_Cap_Tu_Choi.Auto_Web_PD138_Nguoi_PD_2_KT_Phe_Duyet_Sau_Khi_Nguoi_PD_1_Tu_Choi(Tao_Phe_Duyet_Thong_Thuong_N_Cap_Tu_Choi.java:295)<br />
              java.base/jdk.internal.reflect.NativeMethodAccessorImpl.invoke0(Native Method)<br />
              java.base/jdk.internal.reflect.NativeMethodAccessorImpl.invoke(NativeMethodAccessorImpl.java:77)<br />
              java.base/jdk.internal.reflect.DelegatingMethodAccessorImpl.invoke(DelegatingMethodAccessorImpl.java:43)<br />
              java.base/java.lang.reflect.Method.invoke(Method.java:568)<br />
              org.testng.internal.MethodInvocationHelper.invokeMethod(MethodInvocationHelper.java:124)<br />
              org.testng.internal.Invoker.invokeMethod(Invoker.java:583)<br />
              org.testng.internal.Invoker.invokeTestMethod(Invoker.java:719)<br />
              org.testng.internal.Invoker.invokeTestMethods(Invoker.java:989)<br />
              org.testng.internal.TestMethodWorker.invokeTestMethods(TestMethodWorker.java:125)<br />
              org.testng.internal.TestMethodWorker.run(TestMethodWorker.java:109)<br />
              org.testng.TestRunner.privateRun(TestRunner.java:648)<br />
              org.testng.TestRunner.run(TestRunner.java:505)<br />
              org.testng.SuiteRunner.runTest(SuiteRunner.java:455)<br />
              org.testng.SuiteRunner.runSequentially(SuiteRunner.java:450)<br />
              org.testng.SuiteRunner.privateRun(SuiteRunner.java:415)<br />
              org.testng.SuiteRunner.run(SuiteRunner.java:364)<br />
              org.testng.SuiteRunnerWorker.runSuite(SuiteRunnerWorker.java:52)<br />
              org.testng.SuiteRunnerWorker.run(SuiteRunnerWorker.java:84)<br />
              org.testng.TestNG.runSuitesSequentially(TestNG.java:1208)<br />
              org.testng.TestNG.runSuitesLocally(TestNG.java:1137)<br />
              org.testng.TestNG.runSuites(TestNG.java:1049)<br />
              org.testng.TestNG.run(TestNG.java:1017)<br />
              com.intellij.rt.testng.IDEARemoteTestNG.run(IDEARemoteTestNG.java:65)<br />
              com.intellij.rt.testng.RemoteTestNGStarter.main(RemoteTestNGStarter.java:105)<br />
                </div>
      </td>
</tr>
<tr>
  <td class="method">
                  Auto_Web_PD138_Nguoi_PD_3_KT_Phe_Duyet_Sau_Khi_Nguoi_Duoc_Uy_Quyen_Tu_Choi
      </td>
  <td class="duration">
    30.736s
  </td>
  <td class="result">
        
    
        

        <a href="javascript:toggleElement('exception-3', 'block')" title="Click to expand/collapse"><b>org.openqa.selenium.TimeoutException: Expected condition failed: waiting for element to be clickable: By.xpath: //as-split-area//div[1]//div[@id=&apos;approvalDIV&apos;]/div//p[text()=&apos;Phê duyệt thông thường 4248&apos;] (tried for 12 second(s) with 500 milliseconds interval)<br/>
Build info: version: &apos;4.10.0&apos;, revision: &apos;c14d967899&apos;<br/>
System info: os.name: &apos;Windows 11&apos;, os.arch: &apos;amd64&apos;, os.version: &apos;10.0&apos;, java.version: &apos;17.0.12&apos;<br/>
Driver info: org.openqa.selenium.chrome.ChromeDriver<br/>
Capabilities {acceptInsecureCerts: false, browserName: chrome, browserVersion: 131.0.6778.86, chrome: {chromedriverVersion: 131.0.6778.85 (3d81e41b6f3a..., userDataDir: C:\Users\Admin\AppData\Loca...}, fedcm:accounts: true, goog:chromeOptions: {debuggerAddress: localhost:61697}, networkConnectionEnabled: false, pageLoadStrategy: normal, platformName: windows, proxy: Proxy(), se:cdp: ws://localhost:61697/devtoo..., se:cdpVersion: 131.0.6778.86, setWindowRect: true, strictFileInteractability: false, timeouts: {implicit: 0, pageLoad: 300000, script: 30000}, unhandledPromptBehavior: dismiss and notify, webauthn:extension:credBlob: true, webauthn:extension:largeBlob: true, webauthn:extension:minPinLength: true, webauthn:extension:prf: true, webauthn:virtualAuthenticators: true}<br/>
Session ID: 35fee42793e78f17cc8ed5d49b0783c0</b></a><br />
    <div class="stackTrace" id="exception-3">
              org.openqa.selenium.support.ui.WebDriverWait.timeoutException(WebDriverWait.java:84)<br />
              org.openqa.selenium.support.ui.FluentWait.until(FluentWait.java:230)<br />
              commons.web.BasePage.waitForElementClickable(BasePage.java:589)<br />
              commons.web.BasePage.clickToElement(BasePage.java:168)<br />
              pageObjects.web.user.PheDuyetPO.clickToViewPheDuyetByName(PheDuyetPO.java:255)<br />
              testSuites.web.user.pheDuyet.Tao_Phe_Duyet_Thong_Thuong_N_Cap_Tu_Choi.Auto_Web_PD138_Nguoi_PD_3_KT_Phe_Duyet_Sau_Khi_Nguoi_Duoc_Uy_Quyen_Tu_Choi(Tao_Phe_Duyet_Thong_Thuong_N_Cap_Tu_Choi.java:549)<br />
              java.base/jdk.internal.reflect.NativeMethodAccessorImpl.invoke0(Native Method)<br />
              java.base/jdk.internal.reflect.NativeMethodAccessorImpl.invoke(NativeMethodAccessorImpl.java:77)<br />
              java.base/jdk.internal.reflect.DelegatingMethodAccessorImpl.invoke(DelegatingMethodAccessorImpl.java:43)<br />
              java.base/java.lang.reflect.Method.invoke(Method.java:568)<br />
              org.testng.internal.MethodInvocationHelper.invokeMethod(MethodInvocationHelper.java:124)<br />
              org.testng.internal.Invoker.invokeMethod(Invoker.java:583)<br />
              org.testng.internal.Invoker.invokeTestMethod(Invoker.java:719)<br />
              org.testng.internal.Invoker.invokeTestMethods(Invoker.java:989)<br />
              org.testng.internal.TestMethodWorker.invokeTestMethods(TestMethodWorker.java:125)<br />
              org.testng.internal.TestMethodWorker.run(TestMethodWorker.java:109)<br />
              org.testng.TestRunner.privateRun(TestRunner.java:648)<br />
              org.testng.TestRunner.run(TestRunner.java:505)<br />
              org.testng.SuiteRunner.runTest(SuiteRunner.java:455)<br />
              org.testng.SuiteRunner.runSequentially(SuiteRunner.java:450)<br />
              org.testng.SuiteRunner.privateRun(SuiteRunner.java:415)<br />
              org.testng.SuiteRunner.run(SuiteRunner.java:364)<br />
              org.testng.SuiteRunnerWorker.runSuite(SuiteRunnerWorker.java:52)<br />
              org.testng.SuiteRunnerWorker.run(SuiteRunnerWorker.java:84)<br />
              org.testng.TestNG.runSuitesSequentially(TestNG.java:1208)<br />
              org.testng.TestNG.runSuitesLocally(TestNG.java:1137)<br />
              org.testng.TestNG.runSuites(TestNG.java:1049)<br />
              org.testng.TestNG.run(TestNG.java:1017)<br />
              com.intellij.rt.testng.IDEARemoteTestNG.run(IDEARemoteTestNG.java:65)<br />
              com.intellij.rt.testng.RemoteTestNGStarter.main(RemoteTestNGStarter.java:105)<br />
                </div>
      </td>
</tr>
<tr>
  <td class="method">
                  Auto_Web_PD138_Nguoi_PD_3_KT_Phe_Duyet_Sau_Khi_Nguoi_PD_1_Tu_Choi
      </td>
  <td class="duration">
    30.690s
  </td>
  <td class="result">
        
    
        

        <a href="javascript:toggleElement('exception-4', 'block')" title="Click to expand/collapse"><b>org.openqa.selenium.TimeoutException: Expected condition failed: waiting for element to be clickable: By.xpath: //as-split-area//div[1]//div[@id=&apos;approvalDIV&apos;]/div//p[text()=&apos;Phê duyệt thông thường 4248&apos;] (tried for 12 second(s) with 500 milliseconds interval)<br/>
Build info: version: &apos;4.10.0&apos;, revision: &apos;c14d967899&apos;<br/>
System info: os.name: &apos;Windows 11&apos;, os.arch: &apos;amd64&apos;, os.version: &apos;10.0&apos;, java.version: &apos;17.0.12&apos;<br/>
Driver info: org.openqa.selenium.chrome.ChromeDriver<br/>
Capabilities {acceptInsecureCerts: false, browserName: chrome, browserVersion: 131.0.6778.86, chrome: {chromedriverVersion: 131.0.6778.85 (3d81e41b6f3a..., userDataDir: C:\Users\Admin\AppData\Loca...}, fedcm:accounts: true, goog:chromeOptions: {debuggerAddress: localhost:61697}, networkConnectionEnabled: false, pageLoadStrategy: normal, platformName: windows, proxy: Proxy(), se:cdp: ws://localhost:61697/devtoo..., se:cdpVersion: 131.0.6778.86, setWindowRect: true, strictFileInteractability: false, timeouts: {implicit: 0, pageLoad: 300000, script: 30000}, unhandledPromptBehavior: dismiss and notify, webauthn:extension:credBlob: true, webauthn:extension:largeBlob: true, webauthn:extension:minPinLength: true, webauthn:extension:prf: true, webauthn:virtualAuthenticators: true}<br/>
Session ID: 35fee42793e78f17cc8ed5d49b0783c0</b></a><br />
    <div class="stackTrace" id="exception-4">
              org.openqa.selenium.support.ui.WebDriverWait.timeoutException(WebDriverWait.java:84)<br />
              org.openqa.selenium.support.ui.FluentWait.until(FluentWait.java:230)<br />
              commons.web.BasePage.waitForElementClickable(BasePage.java:589)<br />
              commons.web.BasePage.clickToElement(BasePage.java:168)<br />
              pageObjects.web.user.PheDuyetPO.clickToViewPheDuyetByName(PheDuyetPO.java:255)<br />
              testSuites.web.user.pheDuyet.Tao_Phe_Duyet_Thong_Thuong_N_Cap_Tu_Choi.Auto_Web_PD138_Nguoi_PD_3_KT_Phe_Duyet_Sau_Khi_Nguoi_PD_1_Tu_Choi(Tao_Phe_Duyet_Thong_Thuong_N_Cap_Tu_Choi.java:312)<br />
              java.base/jdk.internal.reflect.NativeMethodAccessorImpl.invoke0(Native Method)<br />
              java.base/jdk.internal.reflect.NativeMethodAccessorImpl.invoke(NativeMethodAccessorImpl.java:77)<br />
              java.base/jdk.internal.reflect.DelegatingMethodAccessorImpl.invoke(DelegatingMethodAccessorImpl.java:43)<br />
              java.base/java.lang.reflect.Method.invoke(Method.java:568)<br />
              org.testng.internal.MethodInvocationHelper.invokeMethod(MethodInvocationHelper.java:124)<br />
              org.testng.internal.Invoker.invokeMethod(Invoker.java:583)<br />
              org.testng.internal.Invoker.invokeTestMethod(Invoker.java:719)<br />
              org.testng.internal.Invoker.invokeTestMethods(Invoker.java:989)<br />
              org.testng.internal.TestMethodWorker.invokeTestMethods(TestMethodWorker.java:125)<br />
              org.testng.internal.TestMethodWorker.run(TestMethodWorker.java:109)<br />
              org.testng.TestRunner.privateRun(TestRunner.java:648)<br />
              org.testng.TestRunner.run(TestRunner.java:505)<br />
              org.testng.SuiteRunner.runTest(SuiteRunner.java:455)<br />
              org.testng.SuiteRunner.runSequentially(SuiteRunner.java:450)<br />
              org.testng.SuiteRunner.privateRun(SuiteRunner.java:415)<br />
              org.testng.SuiteRunner.run(SuiteRunner.java:364)<br />
              org.testng.SuiteRunnerWorker.runSuite(SuiteRunnerWorker.java:52)<br />
              org.testng.SuiteRunnerWorker.run(SuiteRunnerWorker.java:84)<br />
              org.testng.TestNG.runSuitesSequentially(TestNG.java:1208)<br />
              org.testng.TestNG.runSuitesLocally(TestNG.java:1137)<br />
              org.testng.TestNG.runSuites(TestNG.java:1049)<br />
              org.testng.TestNG.run(TestNG.java:1017)<br />
              com.intellij.rt.testng.IDEARemoteTestNG.run(IDEARemoteTestNG.java:65)<br />
              com.intellij.rt.testng.RemoteTestNGStarter.main(RemoteTestNGStarter.java:105)<br />
                </div>
      </td>
</tr>
<tr>
  <td class="method">
                  Auto_Web_PD147_Nguoi_PD_3_KT_Phe_Duyet_Sau_Khi_Tu_Choi_PD
      </td>
  <td class="duration">
    15.391s
  </td>
  <td class="result">
        
    
        

        <a href="javascript:toggleElement('exception-5', 'block')" title="Click to expand/collapse"><b>java.lang.AssertionError: expected [Đã uỷ quyền] but found [Đã ủy quyền]</b></a><br />
    <div class="stackTrace" id="exception-5">
              org.testng.Assert.fail(Assert.java:96)<br />
              org.testng.Assert.failNotEquals(Assert.java:776)<br />
              org.testng.Assert.assertEqualsImpl(Assert.java:137)<br />
              org.testng.Assert.assertEquals(Assert.java:118)<br />
              org.testng.Assert.assertEquals(Assert.java:442)<br />
              commons.web.BaseTest.verifyEquals(BaseTest.java:212)<br />
              testSuites.web.user.pheDuyet.Tao_Phe_Duyet_Thong_Thuong_N_Cap_Tu_Choi.Auto_Web_PD147_Nguoi_PD_3_KT_Phe_Duyet_Sau_Khi_Tu_Choi_PD(Tao_Phe_Duyet_Thong_Thuong_N_Cap_Tu_Choi.java:717)<br />
              java.base/jdk.internal.reflect.NativeMethodAccessorImpl.invoke0(Native Method)<br />
              java.base/jdk.internal.reflect.NativeMethodAccessorImpl.invoke(NativeMethodAccessorImpl.java:77)<br />
              java.base/jdk.internal.reflect.DelegatingMethodAccessorImpl.invoke(DelegatingMethodAccessorImpl.java:43)<br />
              java.base/java.lang.reflect.Method.invoke(Method.java:568)<br />
              org.testng.internal.MethodInvocationHelper.invokeMethod(MethodInvocationHelper.java:124)<br />
              org.testng.internal.Invoker.invokeMethod(Invoker.java:583)<br />
              org.testng.internal.Invoker.invokeTestMethod(Invoker.java:719)<br />
              org.testng.internal.Invoker.invokeTestMethods(Invoker.java:989)<br />
              org.testng.internal.TestMethodWorker.invokeTestMethods(TestMethodWorker.java:125)<br />
              org.testng.internal.TestMethodWorker.run(TestMethodWorker.java:109)<br />
              org.testng.TestRunner.privateRun(TestRunner.java:648)<br />
              org.testng.TestRunner.run(TestRunner.java:505)<br />
              org.testng.SuiteRunner.runTest(SuiteRunner.java:455)<br />
              org.testng.SuiteRunner.runSequentially(SuiteRunner.java:450)<br />
              org.testng.SuiteRunner.privateRun(SuiteRunner.java:415)<br />
              org.testng.SuiteRunner.run(SuiteRunner.java:364)<br />
              org.testng.SuiteRunnerWorker.runSuite(SuiteRunnerWorker.java:52)<br />
              org.testng.SuiteRunnerWorker.run(SuiteRunnerWorker.java:84)<br />
              org.testng.TestNG.runSuitesSequentially(TestNG.java:1208)<br />
              org.testng.TestNG.runSuitesLocally(TestNG.java:1137)<br />
              org.testng.TestNG.runSuites(TestNG.java:1049)<br />
              org.testng.TestNG.run(TestNG.java:1017)<br />
              com.intellij.rt.testng.IDEARemoteTestNG.run(IDEARemoteTestNG.java:65)<br />
              com.intellij.rt.testng.RemoteTestNGStarter.main(RemoteTestNGStarter.java:105)<br />
                </div>
      </td>
</tr>
<tr>
  <td class="method">
                  Auto_Web_PD158_Nguoi_Phe_Duyet_2_KT_Thong_Bao_Sau_Khi_Co_Phan_Hoi_Moi
      </td>
  <td class="duration">
    7.581s
  </td>
  <td class="result">
        
    
        

        <a href="javascript:toggleElement('exception-6', 'block')" title="Click to expand/collapse"><b>org.openqa.selenium.ElementClickInterceptedException: element click intercepted: Element &lt;div class=&quot;mat-drawer-backdrop ng-star-inserted mat-drawer-shown&quot;&gt;&lt;/div&gt; is not clickable at point (960, 446). Other element would receive the click: &lt;div _ngcontent-rpg-c93=&quot;&quot; class=&quot;w-28rem h-auto p-5 flex flex-column align-items-center justify-content-center gap-4 relative ng-star-inserted&quot;&gt;...&lt;/div&gt;<br/>
&nbsp; (Session info: chrome=131.0.6778.86)<br/>
Build info: version: &apos;4.10.0&apos;, revision: &apos;c14d967899&apos;<br/>
System info: os.name: &apos;Windows 11&apos;, os.arch: &apos;amd64&apos;, os.version: &apos;10.0&apos;, java.version: &apos;17.0.12&apos;<br/>
Driver info: org.openqa.selenium.chrome.ChromeDriver<br/>
Command: [b63e53c180416847c9d76d3e26df4e47, clickElement {id=f.A0F07A94A203BAD595CE0BC585024091.d.1B5BCFFF4C51483E0D4551A47AC8B2DF.e.399}]<br/>
Capabilities {acceptInsecureCerts: false, browserName: chrome, browserVersion: 131.0.6778.86, chrome: {chromedriverVersion: 131.0.6778.85 (3d81e41b6f3a..., userDataDir: C:\Users\Admin\AppData\Loca...}, fedcm:accounts: true, goog:chromeOptions: {debuggerAddress: localhost:61679}, networkConnectionEnabled: false, pageLoadStrategy: normal, platformName: windows, proxy: Proxy(), se:cdp: ws://localhost:61679/devtoo..., se:cdpVersion: 131.0.6778.86, setWindowRect: true, strictFileInteractability: false, timeouts: {implicit: 0, pageLoad: 300000, script: 30000}, unhandledPromptBehavior: dismiss and notify, webauthn:extension:credBlob: true, webauthn:extension:largeBlob: true, webauthn:extension:minPinLength: true, webauthn:extension:prf: true, webauthn:virtualAuthenticators: true}<br/>
Element: [[ChromeDriver: chrome on windows (b63e53c180416847c9d76d3e26df4e47)] -&gt; xpath: //div[@class=&apos;mat-drawer-backdrop ng-star-inserted mat-drawer-shown&apos;]]<br/>
Session ID: b63e53c180416847c9d76d3e26df4e47</b></a><br />
    <div class="stackTrace" id="exception-6">
              java.base/jdk.internal.reflect.NativeConstructorAccessorImpl.newInstance0(Native Method)<br />
              java.base/jdk.internal.reflect.NativeConstructorAccessorImpl.newInstance(NativeConstructorAccessorImpl.java:77)<br />
              java.base/jdk.internal.reflect.DelegatingConstructorAccessorImpl.newInstance(DelegatingConstructorAccessorImpl.java:45)<br />
              java.base/java.lang.reflect.Constructor.newInstanceWithCaller(Constructor.java:499)<br />
              java.base/java.lang.reflect.Constructor.newInstance(Constructor.java:480)<br />
              org.openqa.selenium.remote.codec.w3c.W3CHttpResponseCodec.createException(W3CHttpResponseCodec.java:199)<br />
              org.openqa.selenium.remote.codec.w3c.W3CHttpResponseCodec.decode(W3CHttpResponseCodec.java:132)<br />
              org.openqa.selenium.remote.codec.w3c.W3CHttpResponseCodec.decode(W3CHttpResponseCodec.java:51)<br />
              org.openqa.selenium.remote.HttpCommandExecutor.execute(HttpCommandExecutor.java:191)<br />
              org.openqa.selenium.remote.service.DriverCommandExecutor.invokeExecute(DriverCommandExecutor.java:196)<br />
              org.openqa.selenium.remote.service.DriverCommandExecutor.execute(DriverCommandExecutor.java:171)<br />
              org.openqa.selenium.remote.RemoteWebDriver.execute(RemoteWebDriver.java:531)<br />
              org.openqa.selenium.remote.RemoteWebElement.execute(RemoteWebElement.java:242)<br />
              org.openqa.selenium.remote.RemoteWebElement.click(RemoteWebElement.java:77)<br />
              commons.web.BasePage.clickToElement(BasePage.java:164)<br />
              commons.web.BasePage.getContentNotiNhanDuoc(BasePage.java:674)<br />
              testSuites.web.user.pheDuyet.Tao_Phe_Duyet_Thong_Thuong_N_Cap_Tu_Choi.Auto_Web_PD158_Nguoi_Phe_Duyet_2_KT_Thong_Bao_Sau_Khi_Co_Phan_Hoi_Moi(Tao_Phe_Duyet_Thong_Thuong_N_Cap_Tu_Choi.java:1008)<br />
              java.base/jdk.internal.reflect.NativeMethodAccessorImpl.invoke0(Native Method)<br />
              java.base/jdk.internal.reflect.NativeMethodAccessorImpl.invoke(NativeMethodAccessorImpl.java:77)<br />
              java.base/jdk.internal.reflect.DelegatingMethodAccessorImpl.invoke(DelegatingMethodAccessorImpl.java:43)<br />
              java.base/java.lang.reflect.Method.invoke(Method.java:568)<br />
              org.testng.internal.MethodInvocationHelper.invokeMethod(MethodInvocationHelper.java:124)<br />
              org.testng.internal.Invoker.invokeMethod(Invoker.java:583)<br />
              org.testng.internal.Invoker.invokeTestMethod(Invoker.java:719)<br />
              org.testng.internal.Invoker.invokeTestMethods(Invoker.java:989)<br />
              org.testng.internal.TestMethodWorker.invokeTestMethods(TestMethodWorker.java:125)<br />
              org.testng.internal.TestMethodWorker.run(TestMethodWorker.java:109)<br />
              org.testng.TestRunner.privateRun(TestRunner.java:648)<br />
              org.testng.TestRunner.run(TestRunner.java:505)<br />
              org.testng.SuiteRunner.runTest(SuiteRunner.java:455)<br />
              org.testng.SuiteRunner.runSequentially(SuiteRunner.java:450)<br />
              org.testng.SuiteRunner.privateRun(SuiteRunner.java:415)<br />
              org.testng.SuiteRunner.run(SuiteRunner.java:364)<br />
              org.testng.SuiteRunnerWorker.runSuite(SuiteRunnerWorker.java:52)<br />
              org.testng.SuiteRunnerWorker.run(SuiteRunnerWorker.java:84)<br />
              org.testng.TestNG.runSuitesSequentially(TestNG.java:1208)<br />
              org.testng.TestNG.runSuitesLocally(TestNG.java:1137)<br />
              org.testng.TestNG.runSuites(TestNG.java:1049)<br />
              org.testng.TestNG.run(TestNG.java:1017)<br />
              com.intellij.rt.testng.IDEARemoteTestNG.run(IDEARemoteTestNG.java:65)<br />
              com.intellij.rt.testng.RemoteTestNGStarter.main(RemoteTestNGStarter.java:105)<br />
                </div>
      </td>
</tr>
      </table>


  <table class="resultsTable">
    <tr><th colspan="3" class="header passed">Passed Tests</th></tr>
          <tr>
        <td colspan="3" class="group">testSuites.web.user.pheDuyet.Tao_Phe_Duyet_Thong_Thuong_N_Cap_Tu_Choi</td>
      </tr>
            
<tr>
  <td class="method">
                  Auto_Web_Clear_Noti_All_User
      </td>
  <td class="duration">
    46.494s
  </td>
  <td class="result">
        
    
        

      </td>
</tr>
<tr>
  <td class="method">
                  Auto_Web_Clear_Noti_All_User_Phe_Duyet_Cap_N_Tu_Choi
      </td>
  <td class="duration">
    54.713s
  </td>
  <td class="result">
        
    
        

      </td>
</tr>
<tr>
  <td class="method">
                  Auto_Web_Clear_Noti_All_User_Tu_Choi_Cap_N
      </td>
  <td class="duration">
    29.699s
  </td>
  <td class="result">
        
    
        

      </td>
</tr>
<tr>
  <td class="method">
                  Auto_Web_PD134_Tao_Phe_Duyet
      </td>
  <td class="duration">
    16.721s
  </td>
  <td class="result">
        
    
        

      </td>
</tr>
<tr>
  <td class="method">
                  Auto_Web_PD134_Tao_Phe_Duyet_Nguoi_PD_Cap_N_Tu_Choi
      </td>
  <td class="duration">
    18.962s
  </td>
  <td class="result">
        
    
        

      </td>
</tr>
<tr>
  <td class="method">
                  Auto_Web_PD134_Tao_Phe_Duyet_Nguoi_Uy_Quyen_Tu_Choi
      </td>
  <td class="duration">
    19.441s
  </td>
  <td class="result">
        
    
        

      </td>
</tr>
<tr>
  <td class="method">
                  Auto_Web_PD138_Nguoi_Duoc_Uy_Quyen_KT_Chi_Tiet_Phe_Duyet_Sau_Khi_Nguoi_PD_N_Tu_Choi
      </td>
  <td class="duration">
    14.631s
  </td>
  <td class="result">
        
    
        

      </td>
</tr>
<tr>
  <td class="method">
                  Auto_Web_PD138_Nguoi_PD2_KT_Chi_Tiet_Phe_Duyet_Sau_Khi_Nguoi_PD_N_Tu_Choi
      </td>
  <td class="duration">
    15.001s
  </td>
  <td class="result">
        
    
        

      </td>
</tr>
<tr>
  <td class="method">
                  Auto_Web_PD138_Nguoi_PD_1_KT_Chi_Tiet_Phe_Duyet
      </td>
  <td class="duration">
    14.180s
  </td>
  <td class="result">
        
    
        

      </td>
</tr>
<tr>
  <td class="method">
                  Auto_Web_PD138_Nguoi_PD_1_KT_Chi_Tiet_Phe_Duyet_Sau_Khi_Nguoi_PD_N_Tu_Choi
      </td>
  <td class="duration">
    14.578s
  </td>
  <td class="result">
        
    
        

      </td>
</tr>
<tr>
  <td class="method">
                  Auto_Web_PD141_Nguoi_PD_1_Uy_Quyen_Phe_Duyet
      </td>
  <td class="duration">
    19.705s
  </td>
  <td class="result">
        
    
        

      </td>
</tr>
<tr>
  <td class="method">
                  Auto_Web_PD141_Nguoi_PD_1_Uy_Quyen_Phe_Duyet_Cap_N_Tu_Choi
      </td>
  <td class="duration">
    23.983s
  </td>
  <td class="result">
        
    
        

      </td>
</tr>
<tr>
  <td class="method">
                  Auto_Web_PD144_Nguoi_Duoc_Uy_Quyen_Tu_Choi_Phe_Duyet
      </td>
  <td class="duration">
    44.201s
  </td>
  <td class="result">
        
    
        

      </td>
</tr>
<tr>
  <td class="method">
                  Auto_Web_PD144_Nguoi_PD_1_Tu_Choi_Phe_Duyet
      </td>
  <td class="duration">
    40.913s
  </td>
  <td class="result">
        
    
        

      </td>
</tr>
<tr>
  <td class="method">
                  Auto_Web_PD144_Nguoi_PD_3_Tu_Choi_Phe_Duyet
      </td>
  <td class="duration">
    38.161s
  </td>
  <td class="result">
        
    
        

      </td>
</tr>
<tr>
  <td class="method">
                  Auto_Web_PD145_Nguoi_Duoc_Uy_Quyen_Dong_Y_Phe_Duyet
      </td>
  <td class="duration">
    38.367s
  </td>
  <td class="result">
        
    
        

      </td>
</tr>
<tr>
  <td class="method">
                  Auto_Web_PD145_Nguoi_Duoc_Uy_Quyen_KT_Phe_Duyet_Sau_Khi_Tu_Choi
      </td>
  <td class="duration">
    0.744s
  </td>
  <td class="result">
        
    
        

      </td>
</tr>
<tr>
  <td class="method">
                  Auto_Web_PD145_Nguoi_PD_2_Dong_Y_Phe_Duyet
      </td>
  <td class="duration">
    39.208s
  </td>
  <td class="result">
        
    
        

      </td>
</tr>
<tr>
  <td class="method">
                  Auto_Web_PD147_Nguoi_Duoc_Uy_Quyen_KT_Thong_Bao_Sau_Khi_Nguoi_PD_N_Tu_Choi
      </td>
  <td class="duration">
    4.582s
  </td>
  <td class="result">
        
    
        

      </td>
</tr>
<tr>
  <td class="method">
                  Auto_Web_PD147_Nguoi_PD_1_KT_Thong_Bao_Sau_Khi_Nguoi_PD_N_Tu_Choi
      </td>
  <td class="duration">
    4.816s
  </td>
  <td class="result">
        
    
        

      </td>
</tr>
<tr>
  <td class="method">
                  Auto_Web_PD147_Nguoi_PD_2_KT_Thong_Bao_Sau_Khi_Nguoi_Duoc_Uy_Quyen_Tu_Choi
      </td>
  <td class="duration">
    5.082s
  </td>
  <td class="result">
        
    
        

      </td>
</tr>
<tr>
  <td class="method">
                  Auto_Web_PD147_Nguoi_PD_2_KT_Thong_Bao_Sau_Khi_Nguoi_PD_1_Tu_Choi
      </td>
  <td class="duration">
    4.892s
  </td>
  <td class="result">
        
    
        

      </td>
</tr>
<tr>
  <td class="method">
                  Auto_Web_PD147_Nguoi_PD_2_KT_Thong_Bao_Sau_Khi_Nguoi_PD_N_Tu_Choi
      </td>
  <td class="duration">
    4.536s
  </td>
  <td class="result">
        
    
        

      </td>
</tr>
<tr>
  <td class="method">
                  Auto_Web_PD147_Nguoi_PD_3_KT_Thong_Bao_Sau_Khi_Nguoi_Duoc_Uy_Quyen_Tu_Choi
      </td>
  <td class="duration">
    4.698s
  </td>
  <td class="result">
        
    
        

      </td>
</tr>
<tr>
  <td class="method">
                  Auto_Web_PD147_Nguoi_PD_3_KT_Thong_Bao_Sau_Khi_Nguoi_PD_1_Tu_Choi
      </td>
  <td class="duration">
    5.273s
  </td>
  <td class="result">
        
    
        

      </td>
</tr>
<tr>
  <td class="method">
                  Auto_Web_PD150_Nguoi_Tao_KT_Thong_Bao_Sau_Khi_Nguoi_PD_N_Tu_Choi
      </td>
  <td class="duration">
    7.032s
  </td>
  <td class="result">
        
    
        

      </td>
</tr>
<tr>
  <td class="method">
                  Auto_Web_PD152_Nguoi_Tao_KT_Thong_Bao_Sau_Khi_Nguoi_Duoc_Uy_Quyen_Tu_Choi
      </td>
  <td class="duration">
    7.401s
  </td>
  <td class="result">
        
    
        

      </td>
</tr>
<tr>
  <td class="method">
                  Auto_Web_PD152_Nguoi_Tao_KT_Thong_Bao_Sau_Khi_Nguoi_PD_1_Tu_Choi
      </td>
  <td class="duration">
    6.999s
  </td>
  <td class="result">
        
    
        

      </td>
</tr>
<tr>
  <td class="method">
                  Auto_Web_PD154_Nguoi_TDoi_KT_Thong_Bao_Sau_Khi_Nguoi_Duoc_Uy_Quyen_Tu_Choi
      </td>
  <td class="duration">
    6.876s
  </td>
  <td class="result">
        
    
        

      </td>
</tr>
<tr>
  <td class="method">
                  Auto_Web_PD154_Nguoi_TDoi_KT_Thong_Bao_Sau_Khi_Nguoi_PD_1_Tu_Choi
      </td>
  <td class="duration">
    6.268s
  </td>
  <td class="result">
        
    
        

      </td>
</tr>
<tr>
  <td class="method">
                  Auto_Web_PD154_Nguoi_TDoi_KT_Thong_Bao_Sau_Khi_Nguoi_PD_N_Tu_Choi
      </td>
  <td class="duration">
    6.921s
  </td>
  <td class="result">
        
    
        

      </td>
</tr>
<tr>
  <td class="method">
                  Auto_Web_PD155_Nguoi_TDoi_KT_Chi_Tiet_Phe_Duyet_Sau_Khi_Nguoi_Duoc_Uy_Quyen_Tu_Choi
      </td>
  <td class="duration">
    13.759s
  </td>
  <td class="result">
        
    
        

      </td>
</tr>
<tr>
  <td class="method">
                  Auto_Web_PD155_Nguoi_TDoi_KT_Chi_Tiet_Phe_Duyet_Sau_Khi_Nguoi_PD_1_Tu_Choi
      </td>
  <td class="duration">
    13.539s
  </td>
  <td class="result">
        
    
        

      </td>
</tr>
<tr>
  <td class="method">
                  Auto_Web_PD155_Nguoi_TDoi_KT_Chi_Tiet_Phe_Duyet_Sau_Khi_Nguoi_PD_N_Tu_Choi
      </td>
  <td class="duration">
    14.208s
  </td>
  <td class="result">
        
    
        

      </td>
</tr>
<tr>
  <td class="method">
                  Auto_Web_PD156_Nguoi_Tao_KT_Chi_Tiet_Phe_Duyet_Sau_Khi_Nguoi_Duoc_Uy_Quyen_Tu_Choi
      </td>
  <td class="duration">
    14.512s
  </td>
  <td class="result">
        
    
        

      </td>
</tr>
<tr>
  <td class="method">
                  Auto_Web_PD156_Nguoi_Tao_KT_Chi_Tiet_Phe_Duyet_Sau_Khi_Nguoi_PD_1_Tu_Choi
      </td>
  <td class="duration">
    13.787s
  </td>
  <td class="result">
        
    
        

      </td>
</tr>
<tr>
  <td class="method">
                  Auto_Web_PD157_Nguoi_Theo_Doi_Them_Moi_Phan_Hoi
      </td>
  <td class="duration">
    4.361s
  </td>
  <td class="result">
        
    
        

      </td>
</tr>
<tr>
  <td class="method">
                  Auto_Web_PD158_Nguoi_Phe_Duyet_1_KT_Thong_Bao_Sau_Khi_Co_Phan_Hoi_Moi
      </td>
  <td class="duration">
    7.057s
  </td>
  <td class="result">
        
    
        

      </td>
</tr>
<tr>
  <td class="method">
                  Auto_Web_PD158_Nguoi_Phe_Duyet_3_KT_Thong_Bao_Sau_Khi_Co_Phan_Hoi_Moi
      </td>
  <td class="duration">
    8.065s
  </td>
  <td class="result">
        
    
        

      </td>
</tr>
<tr>
  <td class="method">
                  Auto_Web_PD158_Nguoi_Tao_KT_Thong_Bao_Sau_Khi_Co_Phan_Hoi_Moi
      </td>
  <td class="duration">
    6.745s
  </td>
  <td class="result">
        
    
        

      </td>
</tr>
<tr>
  <td class="method">
                  Auto_Web_PD_158_Nguoi_Phe_Duyet_3_KT_Noi_Dung_Phan_Hoi
      </td>
  <td class="duration">
    14.336s
  </td>
  <td class="result">
        
    
        

      </td>
</tr>
      </table>
  
</body>
</html>
