<?xml version="1.0" encoding="utf-8" ?>
<!DOCTYPE html PUBLIC "-//W3C//DTD XHTML 1.0 Strict//EN"
        "http://www.w3.org/TR/xhtml1/DTD/xhtml1-strict.dtd">
<html xmlns="http://www.w3.org/1999/xhtml" xml:lang="" lang="">
<head>
  <title>Test Results Report - Tao phe duyet Email N Cap Phe Duyet Tu Choi</title>
  <meta http-equiv="Content-Type" content="text/html;charset=utf-8" />
  <meta name="description" content="TestNG unit test results." />
  <link href="reportng.css" rel="stylesheet" type="text/css" />
    <script type="text/javascript" src="reportng.js"></script>
</head>
<body>
<h1>Tao phe duyet Email N Cap Phe Duyet Tu Choi</h1>
<p>
  Test duration: 1038.764s
</p>



  <table class="resultsTable">
    <tr><th colspan="3" class="header failed">Failed Tests</th></tr>
          <tr>
        <td colspan="3" class="group">testSuites.web.user.pheDuyet.Tao_Phe_Duyet_Email_N_Cap_Tu_Choi</td>
      </tr>
            
<tr>
  <td class="method">
                  Auto_Web_PD112_Nguoi_PD_2_KT_Phe_Duyet_Sau_Khi_Nguoi_Duoc_Uy_Quyen_Tu_Choi
      </td>
  <td class="duration">
    30.293s
  </td>
  <td class="result">
        
    
        

        <a href="javascript:toggleElement('exception-0', 'block')" title="Click to expand/collapse"><b>java.lang.Throwable: Multiple failures (3):<br/>
Failure 1 of 3<br/>
java.lang.AssertionError: expected [Phê duyệt Email 3238] but found [Phê duyệt Email 8593]<br/>
	at org.testng.Assert.fail(Assert.java:96)<br/>
	at org.testng.Assert.failNotEquals(Assert.java:776)<br/>
	at org.testng.Assert.assertEqualsImpl(Assert.java:137)<br/>
	at org.testng.Assert.assertEquals(Assert.java:118)<br/>
	at org.testng.Assert.assertEquals(Assert.java:442)<br/>
	at commons.web.BaseTest.verifyEquals(BaseTest.java:212)<br/>
	at testSuites.web.user.pheDuyet.Tao_Phe_Duyet_Email_N_Cap_Tu_Choi.Auto_Web_PD112_Nguoi_PD_2_KT_Phe_Duyet_Sau_Khi_Nguoi_Duoc_Uy_Quyen_Tu_Choi(Tao_Phe_Duyet_Email_N_Cap_Tu_Choi.java:564)<br/>
	at java.base/jdk.internal.reflect.NativeMethodAccessorImpl.invoke0(Native Method)<br/>
	at java.base/jdk.internal.reflect.NativeMethodAccessorImpl.invoke(NativeMethodAccessorImpl.java:77)<br/>
	at java.base/jdk.internal.reflect.DelegatingMethodAccessorImpl.invoke(DelegatingMethodAccessorImpl.java:43)<br/>
	at java.base/java.lang.reflect.Method.invoke(Method.java:568)<br/>
	at org.testng.internal.MethodInvocationHelper.invokeMethod(MethodInvocationHelper.java:124)<br/>
	at org.testng.internal.Invoker.invokeMethod(Invoker.java:583)<br/>
	at org.testng.internal.Invoker.invokeTestMethod(Invoker.java:719)<br/>
	at org.testng.internal.Invoker.invokeTestMethods(Invoker.java:989)<br/>
	at org.testng.internal.TestMethodWorker.invokeTestMethods(TestMethodWorker.java:125)<br/>
	at org.testng.internal.TestMethodWorker.run(TestMethodWorker.java:109)<br/>
	at org.testng.TestRunner.privateRun(TestRunner.java:648)<br/>
	at org.testng.TestRunner.run(TestRunner.java:505)<br/>
	at org.testng.SuiteRunner.runTest(SuiteRunner.java:455)<br/>
	at org.testng.SuiteRunner.runSequentially(SuiteRunner.java:450)<br/>
	at org.testng.SuiteRunner.privateRun(SuiteRunner.java:415)<br/>
	at org.testng.SuiteRunner.run(SuiteRunner.java:364)<br/>
	at org.testng.SuiteRunnerWorker.runSuite(SuiteRunnerWorker.java:52)<br/>
	at org.testng.SuiteRunnerWorker.run(SuiteRunnerWorker.java:84)<br/>
	at org.testng.TestNG.runSuitesSequentially(TestNG.java:1208)<br/>
	at org.testng.TestNG.runSuitesLocally(TestNG.java:1137)<br/>
	at org.testng.TestNG.runSuites(TestNG.java:1049)<br/>
	at org.testng.TestNG.run(TestNG.java:1017)<br/>
	at com.intellij.rt.testng.IDEARemoteTestNG.run(IDEARemoteTestNG.java:65)<br/>
	at com.intellij.rt.testng.RemoteTestNGStarter.main(RemoteTestNGStarter.java:105)<br/>
<br/>
Failure 2 of 3<br/>
java.lang.AssertionError: expected [Từ chối] but found [Chờ phê duyệt]<br/>
	at org.testng.Assert.fail(Assert.java:96)<br/>
	at org.testng.Assert.failNotEquals(Assert.java:776)<br/>
	at org.testng.Assert.assertEqualsImpl(Assert.java:137)<br/>
	at org.testng.Assert.assertEquals(Assert.java:118)<br/>
	at org.testng.Assert.assertEquals(Assert.java:442)<br/>
	at commons.web.BaseTest.verifyEquals(BaseTest.java:212)<br/>
	at testSuites.web.user.pheDuyet.Tao_Phe_Duyet_Email_N_Cap_Tu_Choi.Auto_Web_PD112_Nguoi_PD_2_KT_Phe_Duyet_Sau_Khi_Nguoi_Duoc_Uy_Quyen_Tu_Choi(Tao_Phe_Duyet_Email_N_Cap_Tu_Choi.java:565)<br/>
	at java.base/jdk.internal.reflect.NativeMethodAccessorImpl.invoke0(Native Method)<br/>
	at java.base/jdk.internal.reflect.NativeMethodAccessorImpl.invoke(NativeMethodAccessorImpl.java:77)<br/>
	at java.base/jdk.internal.reflect.DelegatingMethodAccessorImpl.invoke(DelegatingMethodAccessorImpl.java:43)<br/>
	at java.base/java.lang.reflect.Method.invoke(Method.java:568)<br/>
	at org.testng.internal.MethodInvocationHelper.invokeMethod(MethodInvocationHelper.java:124)<br/>
	at org.testng.internal.Invoker.invokeMethod(Invoker.java:583)<br/>
	at org.testng.internal.Invoker.invokeTestMethod(Invoker.java:719)<br/>
	at org.testng.internal.Invoker.invokeTestMethods(Invoker.java:989)<br/>
	at org.testng.internal.TestMethodWorker.invokeTestMethods(TestMethodWorker.java:125)<br/>
	at org.testng.internal.TestMethodWorker.run(TestMethodWorker.java:109)<br/>
	at org.testng.TestRunner.privateRun(TestRunner.java:648)<br/>
	at org.testng.TestRunner.run(TestRunner.java:505)<br/>
	at org.testng.SuiteRunner.runTest(SuiteRunner.java:455)<br/>
	at org.testng.SuiteRunner.runSequentially(SuiteRunner.java:450)<br/>
	at org.testng.SuiteRunner.privateRun(SuiteRunner.java:415)<br/>
	at org.testng.SuiteRunner.run(SuiteRunner.java:364)<br/>
	at org.testng.SuiteRunnerWorker.runSuite(SuiteRunnerWorker.java:52)<br/>
	at org.testng.SuiteRunnerWorker.run(SuiteRunnerWorker.java:84)<br/>
	at org.testng.TestNG.runSuitesSequentially(TestNG.java:1208)<br/>
	at org.testng.TestNG.runSuitesLocally(TestNG.java:1137)<br/>
	at org.testng.TestNG.runSuites(TestNG.java:1049)<br/>
	at org.testng.TestNG.run(TestNG.java:1017)<br/>
	at com.intellij.rt.testng.IDEARemoteTestNG.run(IDEARemoteTestNG.java:65)<br/>
	at com.intellij.rt.testng.RemoteTestNGStarter.main(RemoteTestNGStarter.java:105)<br/>
<br/>
Failure 3 of 3<br/>
java.lang.AssertionError: expected [true] but found [false]</b></a><br />
    <div class="stackTrace" id="exception-0">
              org.testng.Assert.fail(Assert.java:96)<br />
              org.testng.Assert.failNotEquals(Assert.java:776)<br />
              org.testng.Assert.assertTrue(Assert.java:44)<br />
              org.testng.Assert.assertTrue(Assert.java:54)<br />
              commons.web.BaseTest.verifyTrue(BaseTest.java:154)<br />
              testSuites.web.user.pheDuyet.Tao_Phe_Duyet_Email_N_Cap_Tu_Choi.Auto_Web_PD112_Nguoi_PD_2_KT_Phe_Duyet_Sau_Khi_Nguoi_Duoc_Uy_Quyen_Tu_Choi(Tao_Phe_Duyet_Email_N_Cap_Tu_Choi.java:567)<br />
              java.base/jdk.internal.reflect.NativeMethodAccessorImpl.invoke0(Native Method)<br />
              java.base/jdk.internal.reflect.NativeMethodAccessorImpl.invoke(NativeMethodAccessorImpl.java:77)<br />
              java.base/jdk.internal.reflect.DelegatingMethodAccessorImpl.invoke(DelegatingMethodAccessorImpl.java:43)<br />
              java.base/java.lang.reflect.Method.invoke(Method.java:568)<br />
              org.testng.internal.MethodInvocationHelper.invokeMethod(MethodInvocationHelper.java:124)<br />
              org.testng.internal.Invoker.invokeMethod(Invoker.java:583)<br />
              org.testng.internal.Invoker.invokeTestMethod(Invoker.java:719)<br />
              org.testng.internal.Invoker.invokeTestMethods(Invoker.java:989)<br />
              org.testng.internal.TestMethodWorker.invokeTestMethods(TestMethodWorker.java:125)<br />
              org.testng.internal.TestMethodWorker.run(TestMethodWorker.java:109)<br />
              org.testng.TestRunner.privateRun(TestRunner.java:648)<br />
              org.testng.TestRunner.run(TestRunner.java:505)<br />
              org.testng.SuiteRunner.runTest(SuiteRunner.java:455)<br />
              org.testng.SuiteRunner.runSequentially(SuiteRunner.java:450)<br />
              org.testng.SuiteRunner.privateRun(SuiteRunner.java:415)<br />
              org.testng.SuiteRunner.run(SuiteRunner.java:364)<br />
              org.testng.SuiteRunnerWorker.runSuite(SuiteRunnerWorker.java:52)<br />
              org.testng.SuiteRunnerWorker.run(SuiteRunnerWorker.java:84)<br />
              org.testng.TestNG.runSuitesSequentially(TestNG.java:1208)<br />
              org.testng.TestNG.runSuitesLocally(TestNG.java:1137)<br />
              org.testng.TestNG.runSuites(TestNG.java:1049)<br />
              org.testng.TestNG.run(TestNG.java:1017)<br />
              com.intellij.rt.testng.IDEARemoteTestNG.run(IDEARemoteTestNG.java:65)<br />
              com.intellij.rt.testng.RemoteTestNGStarter.main(RemoteTestNGStarter.java:105)<br />
                </div>
      </td>
</tr>
<tr>
  <td class="method">
                  Auto_Web_PD112_Nguoi_PD_2_KT_Phe_Duyet_Sau_Khi_Nguoi_PD_1_Tu_Choi
      </td>
  <td class="duration">
    30.220s
  </td>
  <td class="result">
        
    
        

        <a href="javascript:toggleElement('exception-1', 'block')" title="Click to expand/collapse"><b>java.lang.AssertionError: expected [true] but found [false]</b></a><br />
    <div class="stackTrace" id="exception-1">
              org.testng.Assert.fail(Assert.java:96)<br />
              org.testng.Assert.failNotEquals(Assert.java:776)<br />
              org.testng.Assert.assertTrue(Assert.java:44)<br />
              org.testng.Assert.assertTrue(Assert.java:54)<br />
              commons.web.BaseTest.verifyTrue(BaseTest.java:154)<br />
              testSuites.web.user.pheDuyet.Tao_Phe_Duyet_Email_N_Cap_Tu_Choi.Auto_Web_PD112_Nguoi_PD_2_KT_Phe_Duyet_Sau_Khi_Nguoi_PD_1_Tu_Choi(Tao_Phe_Duyet_Email_N_Cap_Tu_Choi.java:325)<br />
              java.base/jdk.internal.reflect.NativeMethodAccessorImpl.invoke0(Native Method)<br />
              java.base/jdk.internal.reflect.NativeMethodAccessorImpl.invoke(NativeMethodAccessorImpl.java:77)<br />
              java.base/jdk.internal.reflect.DelegatingMethodAccessorImpl.invoke(DelegatingMethodAccessorImpl.java:43)<br />
              java.base/java.lang.reflect.Method.invoke(Method.java:568)<br />
              org.testng.internal.MethodInvocationHelper.invokeMethod(MethodInvocationHelper.java:124)<br />
              org.testng.internal.Invoker.invokeMethod(Invoker.java:583)<br />
              org.testng.internal.Invoker.invokeTestMethod(Invoker.java:719)<br />
              org.testng.internal.Invoker.invokeTestMethods(Invoker.java:989)<br />
              org.testng.internal.TestMethodWorker.invokeTestMethods(TestMethodWorker.java:125)<br />
              org.testng.internal.TestMethodWorker.run(TestMethodWorker.java:109)<br />
              org.testng.TestRunner.privateRun(TestRunner.java:648)<br />
              org.testng.TestRunner.run(TestRunner.java:505)<br />
              org.testng.SuiteRunner.runTest(SuiteRunner.java:455)<br />
              org.testng.SuiteRunner.runSequentially(SuiteRunner.java:450)<br />
              org.testng.SuiteRunner.privateRun(SuiteRunner.java:415)<br />
              org.testng.SuiteRunner.run(SuiteRunner.java:364)<br />
              org.testng.SuiteRunnerWorker.runSuite(SuiteRunnerWorker.java:52)<br />
              org.testng.SuiteRunnerWorker.run(SuiteRunnerWorker.java:84)<br />
              org.testng.TestNG.runSuitesSequentially(TestNG.java:1208)<br />
              org.testng.TestNG.runSuitesLocally(TestNG.java:1137)<br />
              org.testng.TestNG.runSuites(TestNG.java:1049)<br />
              org.testng.TestNG.run(TestNG.java:1017)<br />
              com.intellij.rt.testng.IDEARemoteTestNG.run(IDEARemoteTestNG.java:65)<br />
              com.intellij.rt.testng.RemoteTestNGStarter.main(RemoteTestNGStarter.java:105)<br />
                </div>
      </td>
</tr>
<tr>
  <td class="method">
                  Auto_Web_PD112_Nguoi_PD_3_KT_Phe_Duyet_Sau_Khi_Nguoi_Duoc_Uy_Quyen_Tu_Choi
      </td>
  <td class="duration">
    30.303s
  </td>
  <td class="result">
        
    
        

        <a href="javascript:toggleElement('exception-2', 'block')" title="Click to expand/collapse"><b>java.lang.Throwable: Multiple failures (3):<br/>
Failure 1 of 3<br/>
java.lang.AssertionError: expected [Phê duyệt Email 3238] but found [Phê duyệt Email 8593]<br/>
	at org.testng.Assert.fail(Assert.java:96)<br/>
	at org.testng.Assert.failNotEquals(Assert.java:776)<br/>
	at org.testng.Assert.assertEqualsImpl(Assert.java:137)<br/>
	at org.testng.Assert.assertEquals(Assert.java:118)<br/>
	at org.testng.Assert.assertEquals(Assert.java:442)<br/>
	at commons.web.BaseTest.verifyEquals(BaseTest.java:212)<br/>
	at testSuites.web.user.pheDuyet.Tao_Phe_Duyet_Email_N_Cap_Tu_Choi.Auto_Web_PD112_Nguoi_PD_3_KT_Phe_Duyet_Sau_Khi_Nguoi_Duoc_Uy_Quyen_Tu_Choi(Tao_Phe_Duyet_Email_N_Cap_Tu_Choi.java:584)<br/>
	at java.base/jdk.internal.reflect.NativeMethodAccessorImpl.invoke0(Native Method)<br/>
	at java.base/jdk.internal.reflect.NativeMethodAccessorImpl.invoke(NativeMethodAccessorImpl.java:77)<br/>
	at java.base/jdk.internal.reflect.DelegatingMethodAccessorImpl.invoke(DelegatingMethodAccessorImpl.java:43)<br/>
	at java.base/java.lang.reflect.Method.invoke(Method.java:568)<br/>
	at org.testng.internal.MethodInvocationHelper.invokeMethod(MethodInvocationHelper.java:124)<br/>
	at org.testng.internal.Invoker.invokeMethod(Invoker.java:583)<br/>
	at org.testng.internal.Invoker.invokeTestMethod(Invoker.java:719)<br/>
	at org.testng.internal.Invoker.invokeTestMethods(Invoker.java:989)<br/>
	at org.testng.internal.TestMethodWorker.invokeTestMethods(TestMethodWorker.java:125)<br/>
	at org.testng.internal.TestMethodWorker.run(TestMethodWorker.java:109)<br/>
	at org.testng.TestRunner.privateRun(TestRunner.java:648)<br/>
	at org.testng.TestRunner.run(TestRunner.java:505)<br/>
	at org.testng.SuiteRunner.runTest(SuiteRunner.java:455)<br/>
	at org.testng.SuiteRunner.runSequentially(SuiteRunner.java:450)<br/>
	at org.testng.SuiteRunner.privateRun(SuiteRunner.java:415)<br/>
	at org.testng.SuiteRunner.run(SuiteRunner.java:364)<br/>
	at org.testng.SuiteRunnerWorker.runSuite(SuiteRunnerWorker.java:52)<br/>
	at org.testng.SuiteRunnerWorker.run(SuiteRunnerWorker.java:84)<br/>
	at org.testng.TestNG.runSuitesSequentially(TestNG.java:1208)<br/>
	at org.testng.TestNG.runSuitesLocally(TestNG.java:1137)<br/>
	at org.testng.TestNG.runSuites(TestNG.java:1049)<br/>
	at org.testng.TestNG.run(TestNG.java:1017)<br/>
	at com.intellij.rt.testng.IDEARemoteTestNG.run(IDEARemoteTestNG.java:65)<br/>
	at com.intellij.rt.testng.RemoteTestNGStarter.main(RemoteTestNGStarter.java:105)<br/>
<br/>
Failure 2 of 3<br/>
java.lang.AssertionError: expected [Từ chối] but found [Chờ phê duyệt]<br/>
	at org.testng.Assert.fail(Assert.java:96)<br/>
	at org.testng.Assert.failNotEquals(Assert.java:776)<br/>
	at org.testng.Assert.assertEqualsImpl(Assert.java:137)<br/>
	at org.testng.Assert.assertEquals(Assert.java:118)<br/>
	at org.testng.Assert.assertEquals(Assert.java:442)<br/>
	at commons.web.BaseTest.verifyEquals(BaseTest.java:212)<br/>
	at testSuites.web.user.pheDuyet.Tao_Phe_Duyet_Email_N_Cap_Tu_Choi.Auto_Web_PD112_Nguoi_PD_3_KT_Phe_Duyet_Sau_Khi_Nguoi_Duoc_Uy_Quyen_Tu_Choi(Tao_Phe_Duyet_Email_N_Cap_Tu_Choi.java:585)<br/>
	at java.base/jdk.internal.reflect.NativeMethodAccessorImpl.invoke0(Native Method)<br/>
	at java.base/jdk.internal.reflect.NativeMethodAccessorImpl.invoke(NativeMethodAccessorImpl.java:77)<br/>
	at java.base/jdk.internal.reflect.DelegatingMethodAccessorImpl.invoke(DelegatingMethodAccessorImpl.java:43)<br/>
	at java.base/java.lang.reflect.Method.invoke(Method.java:568)<br/>
	at org.testng.internal.MethodInvocationHelper.invokeMethod(MethodInvocationHelper.java:124)<br/>
	at org.testng.internal.Invoker.invokeMethod(Invoker.java:583)<br/>
	at org.testng.internal.Invoker.invokeTestMethod(Invoker.java:719)<br/>
	at org.testng.internal.Invoker.invokeTestMethods(Invoker.java:989)<br/>
	at org.testng.internal.TestMethodWorker.invokeTestMethods(TestMethodWorker.java:125)<br/>
	at org.testng.internal.TestMethodWorker.run(TestMethodWorker.java:109)<br/>
	at org.testng.TestRunner.privateRun(TestRunner.java:648)<br/>
	at org.testng.TestRunner.run(TestRunner.java:505)<br/>
	at org.testng.SuiteRunner.runTest(SuiteRunner.java:455)<br/>
	at org.testng.SuiteRunner.runSequentially(SuiteRunner.java:450)<br/>
	at org.testng.SuiteRunner.privateRun(SuiteRunner.java:415)<br/>
	at org.testng.SuiteRunner.run(SuiteRunner.java:364)<br/>
	at org.testng.SuiteRunnerWorker.runSuite(SuiteRunnerWorker.java:52)<br/>
	at org.testng.SuiteRunnerWorker.run(SuiteRunnerWorker.java:84)<br/>
	at org.testng.TestNG.runSuitesSequentially(TestNG.java:1208)<br/>
	at org.testng.TestNG.runSuitesLocally(TestNG.java:1137)<br/>
	at org.testng.TestNG.runSuites(TestNG.java:1049)<br/>
	at org.testng.TestNG.run(TestNG.java:1017)<br/>
	at com.intellij.rt.testng.IDEARemoteTestNG.run(IDEARemoteTestNG.java:65)<br/>
	at com.intellij.rt.testng.RemoteTestNGStarter.main(RemoteTestNGStarter.java:105)<br/>
<br/>
Failure 3 of 3<br/>
java.lang.AssertionError: expected [true] but found [false]</b></a><br />
    <div class="stackTrace" id="exception-2">
              org.testng.Assert.fail(Assert.java:96)<br />
              org.testng.Assert.failNotEquals(Assert.java:776)<br />
              org.testng.Assert.assertTrue(Assert.java:44)<br />
              org.testng.Assert.assertTrue(Assert.java:54)<br />
              commons.web.BaseTest.verifyTrue(BaseTest.java:154)<br />
              testSuites.web.user.pheDuyet.Tao_Phe_Duyet_Email_N_Cap_Tu_Choi.Auto_Web_PD112_Nguoi_PD_3_KT_Phe_Duyet_Sau_Khi_Nguoi_Duoc_Uy_Quyen_Tu_Choi(Tao_Phe_Duyet_Email_N_Cap_Tu_Choi.java:587)<br />
              java.base/jdk.internal.reflect.NativeMethodAccessorImpl.invoke0(Native Method)<br />
              java.base/jdk.internal.reflect.NativeMethodAccessorImpl.invoke(NativeMethodAccessorImpl.java:77)<br />
              java.base/jdk.internal.reflect.DelegatingMethodAccessorImpl.invoke(DelegatingMethodAccessorImpl.java:43)<br />
              java.base/java.lang.reflect.Method.invoke(Method.java:568)<br />
              org.testng.internal.MethodInvocationHelper.invokeMethod(MethodInvocationHelper.java:124)<br />
              org.testng.internal.Invoker.invokeMethod(Invoker.java:583)<br />
              org.testng.internal.Invoker.invokeTestMethod(Invoker.java:719)<br />
              org.testng.internal.Invoker.invokeTestMethods(Invoker.java:989)<br />
              org.testng.internal.TestMethodWorker.invokeTestMethods(TestMethodWorker.java:125)<br />
              org.testng.internal.TestMethodWorker.run(TestMethodWorker.java:109)<br />
              org.testng.TestRunner.privateRun(TestRunner.java:648)<br />
              org.testng.TestRunner.run(TestRunner.java:505)<br />
              org.testng.SuiteRunner.runTest(SuiteRunner.java:455)<br />
              org.testng.SuiteRunner.runSequentially(SuiteRunner.java:450)<br />
              org.testng.SuiteRunner.privateRun(SuiteRunner.java:415)<br />
              org.testng.SuiteRunner.run(SuiteRunner.java:364)<br />
              org.testng.SuiteRunnerWorker.runSuite(SuiteRunnerWorker.java:52)<br />
              org.testng.SuiteRunnerWorker.run(SuiteRunnerWorker.java:84)<br />
              org.testng.TestNG.runSuitesSequentially(TestNG.java:1208)<br />
              org.testng.TestNG.runSuitesLocally(TestNG.java:1137)<br />
              org.testng.TestNG.runSuites(TestNG.java:1049)<br />
              org.testng.TestNG.run(TestNG.java:1017)<br />
              com.intellij.rt.testng.IDEARemoteTestNG.run(IDEARemoteTestNG.java:65)<br />
              com.intellij.rt.testng.RemoteTestNGStarter.main(RemoteTestNGStarter.java:105)<br />
                </div>
      </td>
</tr>
<tr>
  <td class="method">
                  Auto_Web_PD112_Nguoi_PD_3_KT_Phe_Duyet_Sau_Khi_Nguoi_PD_1_Tu_Choi
      </td>
  <td class="duration">
    30.167s
  </td>
  <td class="result">
        
    
        

        <a href="javascript:toggleElement('exception-3', 'block')" title="Click to expand/collapse"><b>java.lang.AssertionError: expected [true] but found [false]</b></a><br />
    <div class="stackTrace" id="exception-3">
              org.testng.Assert.fail(Assert.java:96)<br />
              org.testng.Assert.failNotEquals(Assert.java:776)<br />
              org.testng.Assert.assertTrue(Assert.java:44)<br />
              org.testng.Assert.assertTrue(Assert.java:54)<br />
              commons.web.BaseTest.verifyTrue(BaseTest.java:154)<br />
              testSuites.web.user.pheDuyet.Tao_Phe_Duyet_Email_N_Cap_Tu_Choi.Auto_Web_PD112_Nguoi_PD_3_KT_Phe_Duyet_Sau_Khi_Nguoi_PD_1_Tu_Choi(Tao_Phe_Duyet_Email_N_Cap_Tu_Choi.java:342)<br />
              java.base/jdk.internal.reflect.NativeMethodAccessorImpl.invoke0(Native Method)<br />
              java.base/jdk.internal.reflect.NativeMethodAccessorImpl.invoke(NativeMethodAccessorImpl.java:77)<br />
              java.base/jdk.internal.reflect.DelegatingMethodAccessorImpl.invoke(DelegatingMethodAccessorImpl.java:43)<br />
              java.base/java.lang.reflect.Method.invoke(Method.java:568)<br />
              org.testng.internal.MethodInvocationHelper.invokeMethod(MethodInvocationHelper.java:124)<br />
              org.testng.internal.Invoker.invokeMethod(Invoker.java:583)<br />
              org.testng.internal.Invoker.invokeTestMethod(Invoker.java:719)<br />
              org.testng.internal.Invoker.invokeTestMethods(Invoker.java:989)<br />
              org.testng.internal.TestMethodWorker.invokeTestMethods(TestMethodWorker.java:125)<br />
              org.testng.internal.TestMethodWorker.run(TestMethodWorker.java:109)<br />
              org.testng.TestRunner.privateRun(TestRunner.java:648)<br />
              org.testng.TestRunner.run(TestRunner.java:505)<br />
              org.testng.SuiteRunner.runTest(SuiteRunner.java:455)<br />
              org.testng.SuiteRunner.runSequentially(SuiteRunner.java:450)<br />
              org.testng.SuiteRunner.privateRun(SuiteRunner.java:415)<br />
              org.testng.SuiteRunner.run(SuiteRunner.java:364)<br />
              org.testng.SuiteRunnerWorker.runSuite(SuiteRunnerWorker.java:52)<br />
              org.testng.SuiteRunnerWorker.run(SuiteRunnerWorker.java:84)<br />
              org.testng.TestNG.runSuitesSequentially(TestNG.java:1208)<br />
              org.testng.TestNG.runSuitesLocally(TestNG.java:1137)<br />
              org.testng.TestNG.runSuites(TestNG.java:1049)<br />
              org.testng.TestNG.run(TestNG.java:1017)<br />
              com.intellij.rt.testng.IDEARemoteTestNG.run(IDEARemoteTestNG.java:65)<br />
              com.intellij.rt.testng.RemoteTestNGStarter.main(RemoteTestNGStarter.java:105)<br />
                </div>
      </td>
</tr>
<tr>
  <td class="method">
                  Auto_Web_PD130_Nguoi_Tao_KT_Chi_Tiet_Phe_Duyet_Sau_Khi_Nguoi_PD_N_Tu_Choi
      </td>
  <td class="duration">
    15.878s
  </td>
  <td class="result">
        
    
        

        <a href="javascript:toggleElement('exception-4', 'block')" title="Click to expand/collapse"><b>java.lang.AssertionError: expected [Đã uỷ quyền] but found [Đã ủy quyền]</b></a><br />
    <div class="stackTrace" id="exception-4">
              org.testng.Assert.fail(Assert.java:96)<br />
              org.testng.Assert.failNotEquals(Assert.java:776)<br />
              org.testng.Assert.assertEqualsImpl(Assert.java:137)<br />
              org.testng.Assert.assertEquals(Assert.java:118)<br />
              org.testng.Assert.assertEquals(Assert.java:442)<br />
              commons.web.BaseTest.verifyEquals(BaseTest.java:212)<br />
              testSuites.web.user.pheDuyet.Tao_Phe_Duyet_Email_N_Cap_Tu_Choi.Auto_Web_PD130_Nguoi_Tao_KT_Chi_Tiet_Phe_Duyet_Sau_Khi_Nguoi_PD_N_Tu_Choi(Tao_Phe_Duyet_Email_N_Cap_Tu_Choi.java:805)<br />
              java.base/jdk.internal.reflect.NativeMethodAccessorImpl.invoke0(Native Method)<br />
              java.base/jdk.internal.reflect.NativeMethodAccessorImpl.invoke(NativeMethodAccessorImpl.java:77)<br />
              java.base/jdk.internal.reflect.DelegatingMethodAccessorImpl.invoke(DelegatingMethodAccessorImpl.java:43)<br />
              java.base/java.lang.reflect.Method.invoke(Method.java:568)<br />
              org.testng.internal.MethodInvocationHelper.invokeMethod(MethodInvocationHelper.java:124)<br />
              org.testng.internal.Invoker.invokeMethod(Invoker.java:583)<br />
              org.testng.internal.Invoker.invokeTestMethod(Invoker.java:719)<br />
              org.testng.internal.Invoker.invokeTestMethods(Invoker.java:989)<br />
              org.testng.internal.TestMethodWorker.invokeTestMethods(TestMethodWorker.java:125)<br />
              org.testng.internal.TestMethodWorker.run(TestMethodWorker.java:109)<br />
              org.testng.TestRunner.privateRun(TestRunner.java:648)<br />
              org.testng.TestRunner.run(TestRunner.java:505)<br />
              org.testng.SuiteRunner.runTest(SuiteRunner.java:455)<br />
              org.testng.SuiteRunner.runSequentially(SuiteRunner.java:450)<br />
              org.testng.SuiteRunner.privateRun(SuiteRunner.java:415)<br />
              org.testng.SuiteRunner.run(SuiteRunner.java:364)<br />
              org.testng.SuiteRunnerWorker.runSuite(SuiteRunnerWorker.java:52)<br />
              org.testng.SuiteRunnerWorker.run(SuiteRunnerWorker.java:84)<br />
              org.testng.TestNG.runSuitesSequentially(TestNG.java:1208)<br />
              org.testng.TestNG.runSuitesLocally(TestNG.java:1137)<br />
              org.testng.TestNG.runSuites(TestNG.java:1049)<br />
              org.testng.TestNG.run(TestNG.java:1017)<br />
              com.intellij.rt.testng.IDEARemoteTestNG.run(IDEARemoteTestNG.java:65)<br />
              com.intellij.rt.testng.RemoteTestNGStarter.main(RemoteTestNGStarter.java:105)<br />
                </div>
      </td>
</tr>
      </table>


  <table class="resultsTable">
    <tr><th colspan="3" class="header passed">Passed Tests</th></tr>
          <tr>
        <td colspan="3" class="group">testSuites.web.user.pheDuyet.Tao_Phe_Duyet_Email_N_Cap_Tu_Choi</td>
      </tr>
            
<tr>
  <td class="method">
                  Auto_Web_Clear_Noti_All_User
      </td>
  <td class="duration">
    54.677s
  </td>
  <td class="result">
        
    
        

      </td>
</tr>
<tr>
  <td class="method">
                  Auto_Web_Clear_Noti_All_User_Phe_Duyet_Cap_N_Tu_Choi
      </td>
  <td class="duration">
    65.866s
  </td>
  <td class="result">
        
    
        

      </td>
</tr>
<tr>
  <td class="method">
                  Auto_Web_Clear_Noti_All_User_Tu_Choi_Cap_N
      </td>
  <td class="duration">
    40.717s
  </td>
  <td class="result">
        
    
        

      </td>
</tr>
<tr>
  <td class="method">
                  Auto_Web_PD109_Tao_Phe_Duyet
      </td>
  <td class="duration">
    17.967s
  </td>
  <td class="result">
        
    
        

      </td>
</tr>
<tr>
  <td class="method">
                  Auto_Web_PD109_Tao_Phe_Duyet_Nguoi_PD_Cap_N_Tu_Choi
      </td>
  <td class="duration">
    19.712s
  </td>
  <td class="result">
        
    
        

      </td>
</tr>
<tr>
  <td class="method">
                  Auto_Web_PD109_Tao_Phe_Duyet_Nguoi_Uy_Quyen_Tu_Choi
      </td>
  <td class="duration">
    19.260s
  </td>
  <td class="result">
        
    
        

      </td>
</tr>
<tr>
  <td class="method">
                  Auto_Web_PD111_Nguoi_PD_1_KT_Chi_Tiet_Phe_Duyet_Sau_Khi_Nguoi_PD_N_Tu_Choi
      </td>
  <td class="duration">
    14.871s
  </td>
  <td class="result">
        
    
        

      </td>
</tr>
<tr>
  <td class="method">
                  Auto_Web_PD112_Nguoi_PD2_KT_Chi_Tiet_Phe_Duyet_Sau_Khi_Nguoi_PD_N_Tu_Choi
      </td>
  <td class="duration">
    18.588s
  </td>
  <td class="result">
        
    
        

      </td>
</tr>
<tr>
  <td class="method">
                  Auto_Web_PD112_Nguoi_PD_2_Dong_Y_Phe_Duyet
      </td>
  <td class="duration">
    46.663s
  </td>
  <td class="result">
        
    
        

      </td>
</tr>
<tr>
  <td class="method">
                  Auto_Web_PD112_Nguoi_PD_3_KT_Phe_Duyet_Sau_Khi_Tu_Choi_PD
      </td>
  <td class="duration">
    14.803s
  </td>
  <td class="result">
        
    
        

      </td>
</tr>
<tr>
  <td class="method">
                  Auto_Web_PD113_Nguoi_TDinh_KT_Chi_Tiet_Phe_Duyet_Sau_Khi_Nguoi_PD_N_Tu_Choi
      </td>
  <td class="duration">
    11.636s
  </td>
  <td class="result">
        
    
        

      </td>
</tr>
<tr>
  <td class="method">
                  Auto_Web_PD113_Nguoi_TDinh_Xac_Nhan_Tham_Dinh
      </td>
  <td class="duration">
    25.052s
  </td>
  <td class="result">
        
    
        

      </td>
</tr>
<tr>
  <td class="method">
                  Auto_Web_PD116_Nguoi_Duoc_Uy_Quyen_KT_Thong_Bao_Sau_Khi_Nguoi_PD_N_Tu_Choi
      </td>
  <td class="duration">
    4.670s
  </td>
  <td class="result">
        
    
        

      </td>
</tr>
<tr>
  <td class="method">
                  Auto_Web_PD117_Nguoi_Duoc_Uy_Quyen_KT_Chi_Tiet_Phe_Duyet_Sau_Khi_Nguoi_PD_N_Tu_Choi
      </td>
  <td class="duration">
    15.293s
  </td>
  <td class="result">
        
    
        

      </td>
</tr>
<tr>
  <td class="method">
                  Auto_Web_PD117_Nguoi_PD_1_KT_Chi_Tiet_Phe_Duyet
      </td>
  <td class="duration">
    14.484s
  </td>
  <td class="result">
        
    
        

      </td>
</tr>
<tr>
  <td class="method">
                  Auto_Web_PD118_Nguoi_PD_1_Tu_Choi_Phe_Duyet
      </td>
  <td class="duration">
    39.904s
  </td>
  <td class="result">
        
    
        

      </td>
</tr>
<tr>
  <td class="method">
                  Auto_Web_PD118_Nguoi_PD_1_Uy_Quyen_Phe_Duyet
      </td>
  <td class="duration">
    19.981s
  </td>
  <td class="result">
        
    
        

      </td>
</tr>
<tr>
  <td class="method">
                  Auto_Web_PD118_Nguoi_PD_1_Uy_Quyen_Phe_Duyet_Cap_N_Tu_Choi
      </td>
  <td class="duration">
    25.188s
  </td>
  <td class="result">
        
    
        

      </td>
</tr>
<tr>
  <td class="method">
                  Auto_Web_PD119_Nguoi_Duoc_Uy_Quyen_Dong_Y_Phe_Duyet
      </td>
  <td class="duration">
    27.694s
  </td>
  <td class="result">
        
    
        

      </td>
</tr>
<tr>
  <td class="method">
                  Auto_Web_PD119_Nguoi_Duoc_Uy_Quyen_KT_Phe_Duyet_Sau_Khi_Tu_Choi
      </td>
  <td class="duration">
    0.868s
  </td>
  <td class="result">
        
    
        

      </td>
</tr>
<tr>
  <td class="method">
                  Auto_Web_PD119_Nguoi_Duoc_Uy_Quyen_Tu_Choi_Phe_Duyet
      </td>
  <td class="duration">
    23.970s
  </td>
  <td class="result">
        
    
        

      </td>
</tr>
<tr>
  <td class="method">
                  Auto_Web_PD119_Nguoi_PD_2_KT_Thong_Bao_Sau_Khi_Nguoi_Duoc_Uy_Quyen_Tu_Choi
      </td>
  <td class="duration">
    4.704s
  </td>
  <td class="result">
        
    
        

      </td>
</tr>
<tr>
  <td class="method">
                  Auto_Web_PD119_Nguoi_PD_2_KT_Thong_Bao_Sau_Khi_Nguoi_PD_1_Tu_Choi
      </td>
  <td class="duration">
    5.076s
  </td>
  <td class="result">
        
    
        

      </td>
</tr>
<tr>
  <td class="method">
                  Auto_Web_PD119_Nguoi_PD_2_KT_Thong_Bao_Sau_Khi_Nguoi_PD_N_Tu_Choi
      </td>
  <td class="duration">
    4.496s
  </td>
  <td class="result">
        
    
        

      </td>
</tr>
<tr>
  <td class="method">
                  Auto_Web_PD119_Nguoi_PD_3_KT_Thong_Bao_Sau_Khi_Nguoi_Duoc_Uy_Quyen_Tu_Choi
      </td>
  <td class="duration">
    4.676s
  </td>
  <td class="result">
        
    
        

      </td>
</tr>
<tr>
  <td class="method">
                  Auto_Web_PD119_Nguoi_PD_3_KT_Thong_Bao_Sau_Khi_Nguoi_PD_1_Tu_Choi
      </td>
  <td class="duration">
    4.617s
  </td>
  <td class="result">
        
    
        

      </td>
</tr>
<tr>
  <td class="method">
                  Auto_Web_PD119_Nguoi_PD_3_Tu_Choi_Phe_Duyet
      </td>
  <td class="duration">
    17.854s
  </td>
  <td class="result">
        
    
        

      </td>
</tr>
<tr>
  <td class="method">
                  Auto_Web_PD120_Nguoi_PD_1_KT_Thong_Bao_Sau_Khi_Nguoi_PD_N_Tu_Choi
      </td>
  <td class="duration">
    6.426s
  </td>
  <td class="result">
        
    
        

      </td>
</tr>
<tr>
  <td class="method">
                  Auto_Web_PD121_Nguoi_TDinh_KT_Thong_Bao_Sau_Khi_Nguoi_PD_N_Tu_Choi
      </td>
  <td class="duration">
    4.958s
  </td>
  <td class="result">
        
    
        

      </td>
</tr>
<tr>
  <td class="method">
                  Auto_Web_PD124_Nguoi_Tao_KT_Thong_Bao_Sau_Khi_Nguoi_Duoc_Uy_Quyen_Tu_Choi
      </td>
  <td class="duration">
    6.316s
  </td>
  <td class="result">
        
    
        

      </td>
</tr>
<tr>
  <td class="method">
                  Auto_Web_PD124_Nguoi_Tao_KT_Thong_Bao_Sau_Khi_Nguoi_PD_1_Tu_Choi
      </td>
  <td class="duration">
    6.581s
  </td>
  <td class="result">
        
    
        

      </td>
</tr>
<tr>
  <td class="method">
                  Auto_Web_PD124_Nguoi_Tao_KT_Thong_Bao_Sau_Khi_Nguoi_PD_N_Tu_Choi
      </td>
  <td class="duration">
    6.993s
  </td>
  <td class="result">
        
    
        

      </td>
</tr>
<tr>
  <td class="method">
                  Auto_Web_PD128_Nguoi_TDoi_KT_Thong_Bao_Sau_Khi_Nguoi_Duoc_Uy_Quyen_Tu_Choi
      </td>
  <td class="duration">
    9.622s
  </td>
  <td class="result">
        
    
        

      </td>
</tr>
<tr>
  <td class="method">
                  Auto_Web_PD128_Nguoi_TDoi_KT_Thong_Bao_Sau_Khi_Nguoi_PD_1_Tu_Choi
      </td>
  <td class="duration">
    7.481s
  </td>
  <td class="result">
        
    
        

      </td>
</tr>
<tr>
  <td class="method">
                  Auto_Web_PD128_Nguoi_TDoi_KT_Thong_Bao_Sau_Khi_Nguoi_PD_N_Tu_Choi
      </td>
  <td class="duration">
    6.949s
  </td>
  <td class="result">
        
    
        

      </td>
</tr>
<tr>
  <td class="method">
                  Auto_Web_PD129_Nguoi_TDoi_KT_Chi_Tiet_Phe_Duyet_Sau_Khi_Nguoi_Duoc_Uy_Quyen_Tu_Choi
      </td>
  <td class="duration">
    14.190s
  </td>
  <td class="result">
        
    
        

      </td>
</tr>
<tr>
  <td class="method">
                  Auto_Web_PD129_Nguoi_TDoi_KT_Chi_Tiet_Phe_Duyet_Sau_Khi_Nguoi_PD_1_Tu_Choi
      </td>
  <td class="duration">
    16.550s
  </td>
  <td class="result">
        
    
        

      </td>
</tr>
<tr>
  <td class="method">
                  Auto_Web_PD129_Nguoi_TDoi_KT_Chi_Tiet_Phe_Duyet_Sau_Khi_Nguoi_PD_N_Tu_Choi
      </td>
  <td class="duration">
    15.473s
  </td>
  <td class="result">
        
    
        

      </td>
</tr>
<tr>
  <td class="method">
                  Auto_Web_PD130_Nguoi_Tao_KT_Chi_Tiet_Phe_Duyet_Sau_Khi_Nguoi_Duoc_Uy_Quyen_Tu_Choi
      </td>
  <td class="duration">
    14.519s
  </td>
  <td class="result">
        
    
        

      </td>
</tr>
<tr>
  <td class="method">
                  Auto_Web_PD130_Nguoi_Tao_KT_Chi_Tiet_Phe_Duyet_Sau_Khi_Nguoi_PD_1_Tu_Choi
      </td>
  <td class="duration">
    15.315s
  </td>
  <td class="result">
        
    
        

      </td>
</tr>
<tr>
  <td class="method">
                  Auto_Web_PD131_Nguoi_Theo_Doi_Them_Moi_Phan_Hoi
      </td>
  <td class="duration">
    4.952s
  </td>
  <td class="result">
        
    
        

      </td>
</tr>
<tr>
  <td class="method">
                  Auto_Web_PD132_Nguoi_Phe_Duyet_1_KT_Thong_Bao_Sau_Khi_Co_Phan_Hoi_Moi
      </td>
  <td class="duration">
    8.899s
  </td>
  <td class="result">
        
    
        

      </td>
</tr>
<tr>
  <td class="method">
                  Auto_Web_PD132_Nguoi_Phe_Duyet_2_KT_Thong_Bao_Sau_Khi_Co_Phan_Hoi_Moi
      </td>
  <td class="duration">
    7.582s
  </td>
  <td class="result">
        
    
        

      </td>
</tr>
<tr>
  <td class="method">
                  Auto_Web_PD132_Nguoi_Phe_Duyet_3_KT_Thong_Bao_Sau_Khi_Co_Phan_Hoi_Moi
      </td>
  <td class="duration">
    7.894s
  </td>
  <td class="result">
        
    
        

      </td>
</tr>
<tr>
  <td class="method">
                  Auto_Web_PD132_Nguoi_Tao_KT_Thong_Bao_Sau_Khi_Co_Phan_Hoi_Moi
      </td>
  <td class="duration">
    8.765s
  </td>
  <td class="result">
        
    
        

      </td>
</tr>
<tr>
  <td class="method">
                  Auto_Web_PD132_Nguoi_Tham_Dinh_KT_Thong_Bao_Sau_Khi_Co_Phan_Hoi_Moi
      </td>
  <td class="duration">
    8.848s
  </td>
  <td class="result">
        
    
        

      </td>
</tr>
<tr>
  <td class="method">
                  Auto_Web_PD_133_Nguoi_Phe_Duyet_3_KT_Noi_Dung_Phan_Hoi
      </td>
  <td class="duration">
    31.646s
  </td>
  <td class="result">
        
    
        

      </td>
</tr>
      </table>
  
</body>
</html>
