<?xml version="1.0" encoding="UTF-8"?>
<!-- Generated by org.testng.reporters.JUnitXMLReporter -->
<testsuite ignored="0" hostname="Admin-PC" failures="0" tests="1" name="App - Chrome" time="1.582" errors="0" timestamp="2026-03-27T13:34:35 GMT+07:00">
  <testcase classname="demo.mobile.testScripts.DemoApp" name="@BeforeMethod beforeMethod" time="1.263">
    <failure type="java.lang.RuntimeException" message="Lỗi khởi tạo driver cho V350C: Could not start a new session. Possible causes are invalid address of the remote server or browser start-up failure. 
Host info: host: &amp;apos;ADMIN-PC&amp;apos;, ip: &amp;apos;192.168.2.8&amp;apos;
Build info: version: &amp;apos;4.24.0&amp;apos;, revision: &amp;apos;748ffc9bc3&amp;apos;
System info: os.name: &amp;apos;Windows 11&amp;apos;, os.arch: &amp;apos;amd64&amp;apos;, os.version: &amp;apos;10.0&amp;apos;, java.version: &amp;apos;17.0.12&amp;apos;
Driver info: io.appium.java_client.android.AndroidDriver
Command: [null, newSession {capabilities=[Capabilities {appium:appActivity: com.sharitek.lada.MainActivity, appium:appPackage: com.sharitek.lada, appium:automationName: UIAutomator2, appium:deviceName: BNS00000074, appium:orientation: PORTRAIT, appium:platformVersion: 10.0, platformName: ANDROID}]}]
Capabilities {appium:appActivity: com.sharitek.lada.MainActivity, appium:appPackage: com.sharitek.lada, appium:automationName: UIAutomator2, appium:deviceName: BNS00000074, appium:orientation: PORTRAIT, appium:platformVersion: 10.0, platformName: ANDROID}">
      <![CDATA[java.lang.RuntimeException: Lỗi khởi tạo driver cho V350C: Could not start a new session. Possible causes are invalid address of the remote server or browser start-up failure. 
Host info: host: 'ADMIN-PC', ip: '192.168.2.8'
Build info: version: '4.24.0', revision: '748ffc9bc3'
System info: os.name: 'Windows 11', os.arch: 'amd64', os.version: '10.0', java.version: '17.0.12'
Driver info: io.appium.java_client.android.AndroidDriver
Command: [null, newSession {capabilities=[Capabilities {appium:appActivity: com.sharitek.lada.MainActivity, appium:appPackage: com.sharitek.lada, appium:automationName: UIAutomator2, appium:deviceName: BNS00000074, appium:orientation: PORTRAIT, appium:platformVersion: 10.0, platformName: ANDROID}]}]
Capabilities {appium:appActivity: com.sharitek.lada.MainActivity, appium:appPackage: com.sharitek.lada, appium:automationName: UIAutomator2, appium:deviceName: BNS00000074, appium:orientation: PORTRAIT, appium:platformVersion: 10.0, platformName: ANDROID}
at commons.MobileFactory.createMobileDriver(MobileFactory.java:103)
at commons.BaseTest.getMobileDriver(BaseTest.java:18)
at demo.mobile.testScripts.DemoApp.beforeMethod(DemoApp.java:17)
at java.base/java.util.ArrayList.forEach(ArrayList.java:1511)
at org.apache.maven.plugin.surefire.InPluginVMSurefireStarter.runSuitesInProcess(InPluginVMSurefireStarter.java:91)
at org.apache.maven.plugin.surefire.AbstractSurefireMojo.executeProvider(AbstractSurefireMojo.java:1308)
at org.apache.maven.plugin.surefire.AbstractSurefireMojo.executeAfterPreconditionsChecked(AbstractSurefireMojo.java:1137)
at org.apache.maven.plugin.surefire.AbstractSurefireMojo.execute(AbstractSurefireMojo.java:971)
at org.apache.maven.plugin.DefaultBuildPluginManager.executeMojo(DefaultBuildPluginManager.java:126)
at org.apache.maven.lifecycle.internal.MojoExecutor.doExecute2(MojoExecutor.java:328)
at org.apache.maven.lifecycle.internal.MojoExecutor.doExecute(MojoExecutor.java:316)
at org.apache.maven.lifecycle.internal.MojoExecutor.execute(MojoExecutor.java:212)
at org.apache.maven.lifecycle.internal.MojoExecutor.execute(MojoExecutor.java:174)
at org.apache.maven.lifecycle.internal.MojoExecutor.access$000(MojoExecutor.java:75)
at org.apache.maven.lifecycle.internal.MojoExecutor$1.run(MojoExecutor.java:162)
at org.apache.maven.plugin.DefaultMojosExecutionStrategy.execute(DefaultMojosExecutionStrategy.java:39)
at org.apache.maven.lifecycle.internal.MojoExecutor.execute(MojoExecutor.java:159)
at org.apache.maven.lifecycle.internal.LifecycleModuleBuilder.buildProject(LifecycleModuleBuilder.java:105)
at org.apache.maven.lifecycle.internal.LifecycleModuleBuilder.buildProject(LifecycleModuleBuilder.java:73)
at org.apache.maven.lifecycle.internal.builder.singlethreaded.SingleThreadedBuilder.build(SingleThreadedBuilder.java:53)
at org.apache.maven.lifecycle.internal.LifecycleStarter.execute(LifecycleStarter.java:118)
at org.apache.maven.DefaultMaven.doExecute(DefaultMaven.java:261)
at org.apache.maven.DefaultMaven.doExecute(DefaultMaven.java:173)
at org.apache.maven.DefaultMaven.execute(DefaultMaven.java:101)
at org.apache.maven.cli.MavenCli.execute(MavenCli.java:906)
at org.apache.maven.cli.MavenCli.doMain(MavenCli.java:283)
at org.apache.maven.cli.MavenCli.main(MavenCli.java:206)
at org.codehaus.plexus.classworlds.launcher.Launcher.launchEnhanced(Launcher.java:255)
at org.codehaus.plexus.classworlds.launcher.Launcher.launch(Launcher.java:201)
at org.codehaus.plexus.classworlds.launcher.Launcher.mainWithExitCode(Launcher.java:361)
at org.codehaus.plexus.classworlds.launcher.Launcher.main(Launcher.java:314)
... Removed 42 stack frames]]>
    </failure>
  </testcase> <!-- @BeforeMethod beforeMethod -->
  <testcase classname="demo.mobile.testScripts.DemoApp" name="LoginKTV" time="0.0">
    <skipped/>
  </testcase> <!-- LoginKTV -->
</testsuite> <!-- App - Chrome -->
