<?xml version="1.0" encoding="UTF-8"?>
<!-- Generated by org.testng.reporters.JUnitXMLReporter -->
<testsuite ignored="0" hostname="Admin-PC" failures="0" tests="6" name="Dependency - Chrome" time="34.428" errors="0" timestamp="2026-02-26T16:38:38 GMT+07:00">
  <testcase classname="demo.testSuites.TestDependency" name="TC01_AddProductToCart" time="6.179"/>
  <testcase classname="demo.testSuites.TestDependency" name="TC02_EditProductInCart" time="6.282"/>
  <testcase classname="demo.testSuites.TestDependency" name="TC03_DeleteProductInCart" time="1.238"/>
  <testcase classname="demo.testSuites.TestDependency" name="TC04_AddNewProductToCart1" time="7.25"/>
  <testcase classname="demo.testSuites.TestDependency" name="TC05_AddNewProductToCart2" time="6.921"/>
  <testcase classname="demo.testSuites.TestDependency" name="TC06_CheckoutProduct" time="2.526"/>
</testsuite> <!-- Dependency - Chrome -->
