<?xml version="1.0" encoding="UTF-8"?>
<!-- Generated by org.testng.reporters.JUnitXMLReporter -->
<testsuite ignored="0" hostname="Admin-PC" failures="0" tests="4" name="Read Data Excel - Chrome" time="58.998" errors="0" timestamp="2026-02-27T16:15:23 GMT+07:00">
  <testcase classname="demo.testSuites.ReadExcelFile" name="TC01_testLogin" time="17.179"/>
  <testcase classname="demo.testSuites.ReadExcelFile" name="TC01_testLogin" time="8.775"/>
  <testcase classname="demo.testSuites.ReadExcelFile" name="TC01_testLogin" time="8.894"/>
  <testcase classname="demo.testSuites.ReadExcelFile" name="TC01_testLogin" time="9.068"/>
</testsuite> <!-- Read Data Excel - Chrome -->
