<?xml version="1.0" encoding="UTF-8"?>
<!-- Generated by org.testng.reporters.JUnitXMLReporter -->
<testsuite ignored="0" hostname="Admin-PC" failures="0" tests="2" name="Shadow DOM - Chrome" time="12.41" errors="0" timestamp="2026-02-25T14:48:01 GMT+07:00">
  <testcase classname="demo.testSuites.HandleShadowDOM" name="HandleShadowDOMSingle" time="4.794"/>
  <testcase classname="demo.testSuites.HandleShadowDOM" name="HandleShadowDOMNested" time="1.558"/>
</testsuite> <!-- Shadow DOM - Chrome -->
