<?xml version="1.0" encoding="UTF-8"?>
<!-- Generated by org.testng.reporters.JUnitXMLReporter -->
<testsuite ignored="0" hostname="Admin-PC" failures="0" tests="3" name="Alert - Chrome" time="15.979" errors="0" timestamp="2026-02-10T14:14:34 GMT+07:00">
  <testcase classname="demo.testSuites.HandleAlert" name="HandleAlertBasic" time="0.638"/>
  <testcase classname="demo.testSuites.HandleAlert" name="HandleConfirm" time="1.037"/>
  <testcase classname="demo.testSuites.HandleAlert" name="HandlePrompt" time="0.502"/>
</testsuite> <!-- Alert - Chrome -->
