<?xml version="1.0" encoding="UTF-8"?>
<!-- Generated by org.testng.reporters.JUnitXMLReporter -->
<testsuite ignored="0" hostname="DESKTOP-RDLS5V0" failures="2" tests="2" name="Shadow DOM - Chrome" time="70.56" errors="0" timestamp="2026-02-24T22:44:18 ICT">
  <testcase classname="demo.testSuites.HandleShadowDOM" name="HandleShadowDOMSingle" time="32.439">
    <failure type="java.util.NoSuchElementException" message="Shadow host element not found: By.id: shadow-host">
      <![CDATA[java.util.NoSuchElementException: Shadow host element not found: By.id: shadow-host
at commons.BasePage.getShadowRoot(BasePage.java:723)
at commons.BasePage.getElementInShadowRoot(BasePage.java:786)
at commons.BasePage.getTextElementInShadowRoot(BasePage.java:862)
at demo.pageObjects.HandleShadowDOMPO.getTextElementInShadow(HandleShadowDOMPO.java:16)
at demo.testSuites.HandleShadowDOM.HandleShadowDOMSingle(HandleShadowDOM.java:27)
at java.base/java.util.ArrayList.forEach(ArrayList.java:1511)
at org.apache.maven.plugin.surefire.InPluginVMSurefireStarter.runSuitesInProcess(InPluginVMSurefireStarter.java:91)
at org.apache.maven.plugin.surefire.AbstractSurefireMojo.executeProvider(AbstractSurefireMojo.java:1308)
at org.apache.maven.plugin.surefire.AbstractSurefireMojo.executeAfterPreconditionsChecked(AbstractSurefireMojo.java:1137)
at org.apache.maven.plugin.surefire.AbstractSurefireMojo.execute(AbstractSurefireMojo.java:971)
at org.apache.maven.plugin.DefaultBuildPluginManager.executeMojo(DefaultBuildPluginManager.java:126)
at org.apache.maven.lifecycle.internal.MojoExecutor.doExecute2(MojoExecutor.java:328)
at org.apache.maven.lifecycle.internal.MojoExecutor.doExecute(MojoExecutor.java:316)
at org.apache.maven.lifecycle.internal.MojoExecutor.execute(MojoExecutor.java:212)
at org.apache.maven.lifecycle.internal.MojoExecutor.execute(MojoExecutor.java:174)
at org.apache.maven.lifecycle.internal.MojoExecutor.access$000(MojoExecutor.java:75)
at org.apache.maven.lifecycle.internal.MojoExecutor$1.run(MojoExecutor.java:162)
at org.apache.maven.plugin.DefaultMojosExecutionStrategy.execute(DefaultMojosExecutionStrategy.java:39)
at org.apache.maven.lifecycle.internal.MojoExecutor.execute(MojoExecutor.java:159)
at org.apache.maven.lifecycle.internal.LifecycleModuleBuilder.buildProject(LifecycleModuleBuilder.java:105)
at org.apache.maven.lifecycle.internal.LifecycleModuleBuilder.buildProject(LifecycleModuleBuilder.java:73)
at org.apache.maven.lifecycle.internal.builder.singlethreaded.SingleThreadedBuilder.build(SingleThreadedBuilder.java:53)
at org.apache.maven.lifecycle.internal.LifecycleStarter.execute(LifecycleStarter.java:118)
at org.apache.maven.DefaultMaven.doExecute(DefaultMaven.java:261)
at org.apache.maven.DefaultMaven.doExecute(DefaultMaven.java:173)
at org.apache.maven.DefaultMaven.execute(DefaultMaven.java:101)
at org.apache.maven.cli.MavenCli.execute(MavenCli.java:906)
at org.apache.maven.cli.MavenCli.doMain(MavenCli.java:283)
at org.apache.maven.cli.MavenCli.main(MavenCli.java:206)
at org.codehaus.plexus.classworlds.launcher.Launcher.launchEnhanced(Launcher.java:283)
at org.codehaus.plexus.classworlds.launcher.Launcher.launch(Launcher.java:226)
at org.codehaus.plexus.classworlds.launcher.Launcher.mainWithExitCode(Launcher.java:407)
at org.codehaus.plexus.classworlds.launcher.Launcher.main(Launcher.java:348)
... Removed 38 stack frames]]>
    </failure>
  </testcase> <!-- HandleShadowDOMSingle -->
  <testcase classname="demo.testSuites.HandleShadowDOM" name="HandleShadowDOMNested" time="34.21">
    <failure type="java.util.NoSuchElementException" message="Không tìm thấy shadow host: By.xpath: //input[@type=&amp;apos;email&amp;apos;]">
      <![CDATA[java.util.NoSuchElementException: Không tìm thấy shadow host: By.xpath: //input[@type='email']
at commons.BasePage.getElementInNestedShadowRoot(BasePage.java:824)
at demo.pageObjects.HandleShadowDOMPO.getTextElementInNestedShadow(HandleShadowDOMPO.java:20)
at demo.testSuites.HandleShadowDOM.HandleShadowDOMNested(HandleShadowDOM.java:35)
at java.base/java.util.ArrayList.forEach(ArrayList.java:1511)
at org.apache.maven.plugin.surefire.InPluginVMSurefireStarter.runSuitesInProcess(InPluginVMSurefireStarter.java:91)
at org.apache.maven.plugin.surefire.AbstractSurefireMojo.executeProvider(AbstractSurefireMojo.java:1308)
at org.apache.maven.plugin.surefire.AbstractSurefireMojo.executeAfterPreconditionsChecked(AbstractSurefireMojo.java:1137)
at org.apache.maven.plugin.surefire.AbstractSurefireMojo.execute(AbstractSurefireMojo.java:971)
at org.apache.maven.plugin.DefaultBuildPluginManager.executeMojo(DefaultBuildPluginManager.java:126)
at org.apache.maven.lifecycle.internal.MojoExecutor.doExecute2(MojoExecutor.java:328)
at org.apache.maven.lifecycle.internal.MojoExecutor.doExecute(MojoExecutor.java:316)
at org.apache.maven.lifecycle.internal.MojoExecutor.execute(MojoExecutor.java:212)
at org.apache.maven.lifecycle.internal.MojoExecutor.execute(MojoExecutor.java:174)
at org.apache.maven.lifecycle.internal.MojoExecutor.access$000(MojoExecutor.java:75)
at org.apache.maven.lifecycle.internal.MojoExecutor$1.run(MojoExecutor.java:162)
at org.apache.maven.plugin.DefaultMojosExecutionStrategy.execute(DefaultMojosExecutionStrategy.java:39)
at org.apache.maven.lifecycle.internal.MojoExecutor.execute(MojoExecutor.java:159)
at org.apache.maven.lifecycle.internal.LifecycleModuleBuilder.buildProject(LifecycleModuleBuilder.java:105)
at org.apache.maven.lifecycle.internal.LifecycleModuleBuilder.buildProject(LifecycleModuleBuilder.java:73)
at org.apache.maven.lifecycle.internal.builder.singlethreaded.SingleThreadedBuilder.build(SingleThreadedBuilder.java:53)
at org.apache.maven.lifecycle.internal.LifecycleStarter.execute(LifecycleStarter.java:118)
at org.apache.maven.DefaultMaven.doExecute(DefaultMaven.java:261)
at org.apache.maven.DefaultMaven.doExecute(DefaultMaven.java:173)
at org.apache.maven.DefaultMaven.execute(DefaultMaven.java:101)
at org.apache.maven.cli.MavenCli.execute(MavenCli.java:906)
at org.apache.maven.cli.MavenCli.doMain(MavenCli.java:283)
at org.apache.maven.cli.MavenCli.main(MavenCli.java:206)
at org.codehaus.plexus.classworlds.launcher.Launcher.launchEnhanced(Launcher.java:283)
at org.codehaus.plexus.classworlds.launcher.Launcher.launch(Launcher.java:226)
at org.codehaus.plexus.classworlds.launcher.Launcher.mainWithExitCode(Launcher.java:407)
at org.codehaus.plexus.classworlds.launcher.Launcher.main(Launcher.java:348)
... Removed 38 stack frames]]>
    </failure>
  </testcase> <!-- HandleShadowDOMNested -->
</testsuite> <!-- Shadow DOM - Chrome -->
