<?xml version="1.0" encoding="UTF-8"?>
<!-- Generated by org.testng.reporters.JUnitXMLReporter -->
<testsuite ignored="0" hostname="Admin-PC" failures="0" tests="3" name="SwitchTab - Chrome" time="22.359" errors="0" timestamp="2026-02-11T17:17:35 GMT+07:00">
  <testcase classname="demo.testSuites.SwitchTab" name="SwtichTabByTitle" time="4.145"/>
  <testcase classname="demo.testSuites.SwitchTab" name="SwtichTabByUrl" time="0.931"/>
  <testcase classname="demo.testSuites.SwitchTab" name="SwtichTabByIndex" time="0.863"/>
</testsuite> <!-- SwitchTab - Chrome -->
