<?xml version="1.0" encoding="UTF-8"?>
<testng-results ignored="0" total="4" passed="4" failed="0" skipped="0">
  <reporter-output>
  </reporter-output>
  <suite started-at="2026-02-27T16:14:24 GMT+07:00" name="Demo" finished-at="2026-02-27T16:15:23 GMT+07:00" duration-ms="58998">
    <groups>
    </groups>
    <test started-at="2026-02-27T16:14:24 GMT+07:00" name="Read Data Excel - Chrome" finished-at="2026-02-27T16:15:23 GMT+07:00" duration-ms="58998">
      <class name="demo.testSuites.ReadExcelFile">
        <test-method is-config="true" signature="deleteFileInReport()[pri:0, instance:demo.testSuites.ReadExcelFile@23faae85]" started-at="2026-02-27T16:14:24 GMT+07:00" name="deleteFileInReport" finished-at="2026-02-27T16:14:24 GMT+07:00" duration-ms="47" status="PASS">
          <reporter-output>
          </reporter-output>
        </test-method> <!-- deleteFileInReport -->
        <test-method is-config="true" signature="BeforeMethod(java.lang.String,java.lang.String)[pri:0, instance:demo.testSuites.ReadExcelFile@23faae85]" started-at="2026-02-27T16:14:25 GMT+07:00" name="BeforeMethod" finished-at="2026-02-27T16:14:29 GMT+07:00" duration-ms="3817" status="PASS">
          <params>
            <param index="0">
              <value>
                <![CDATA[chrome]]>
              </value>
            </param>
            <param index="1">
              <value>
                <![CDATA[https://stg-crm.smarthiz.vn/login]]>
              </value>
            </param>
          </params>
          <reporter-output>
          </reporter-output>
        </test-method> <!-- BeforeMethod -->
        <test-method signature="TC01_testLogin(java.util.Map)[pri:0, instance:demo.testSuites.ReadExcelFile@23faae85]" started-at="2026-02-27T16:14:29 GMT+07:00" name="TC01_testLogin" data-provider="loginData" finished-at="2026-02-27T16:14:46 GMT+07:00" duration-ms="17179" status="PASS">
          <params>
            <param index="0">
              <value>
                <![CDATA[{=, User=tongdai1@gmail.com, RunMode=Yes, Password=123456}]]>
              </value>
            </param>
          </params>
          <reporter-output>
          </reporter-output>
        </test-method> <!-- TC01_testLogin -->
        <test-method is-config="true" signature="AfterMethod()[pri:0, instance:demo.testSuites.ReadExcelFile@23faae85]" started-at="2026-02-27T16:14:46 GMT+07:00" name="AfterMethod" finished-at="2026-02-27T16:14:47 GMT+07:00" duration-ms="353" status="PASS">
          <reporter-output>
          </reporter-output>
        </test-method> <!-- AfterMethod -->
        <test-method is-config="true" signature="BeforeMethod(java.lang.String,java.lang.String)[pri:0, instance:demo.testSuites.ReadExcelFile@23faae85]" started-at="2026-02-27T16:14:47 GMT+07:00" name="BeforeMethod" finished-at="2026-02-27T16:14:50 GMT+07:00" duration-ms="3326" status="PASS">
          <params>
            <param index="0">
              <value>
                <![CDATA[chrome]]>
              </value>
            </param>
            <param index="1">
              <value>
                <![CDATA[https://stg-crm.smarthiz.vn/login]]>
              </value>
            </param>
          </params>
          <reporter-output>
          </reporter-output>
        </test-method> <!-- BeforeMethod -->
        <test-method signature="TC01_testLogin(java.util.Map)[pri:0, instance:demo.testSuites.ReadExcelFile@23faae85]" started-at="2026-02-27T16:14:50 GMT+07:00" name="TC01_testLogin" data-provider="loginData" finished-at="2026-02-27T16:14:59 GMT+07:00" duration-ms="8775" status="PASS">
          <params>
            <param index="0">
              <value>
                <![CDATA[{=, User=tongdai2@gmail.com, RunMode=Yes, Password=123456}]]>
              </value>
            </param>
          </params>
          <reporter-output>
          </reporter-output>
        </test-method> <!-- TC01_testLogin -->
        <test-method is-config="true" signature="AfterMethod()[pri:0, instance:demo.testSuites.ReadExcelFile@23faae85]" started-at="2026-02-27T16:14:59 GMT+07:00" name="AfterMethod" finished-at="2026-02-27T16:14:59 GMT+07:00" duration-ms="188" status="PASS">
          <reporter-output>
          </reporter-output>
        </test-method> <!-- AfterMethod -->
        <test-method is-config="true" signature="BeforeMethod(java.lang.String,java.lang.String)[pri:0, instance:demo.testSuites.ReadExcelFile@23faae85]" started-at="2026-02-27T16:14:59 GMT+07:00" name="BeforeMethod" finished-at="2026-02-27T16:15:02 GMT+07:00" duration-ms="2817" status="PASS">
          <params>
            <param index="0">
              <value>
                <![CDATA[chrome]]>
              </value>
            </param>
            <param index="1">
              <value>
                <![CDATA[https://stg-crm.smarthiz.vn/login]]>
              </value>
            </param>
          </params>
          <reporter-output>
          </reporter-output>
        </test-method> <!-- BeforeMethod -->
        <test-method signature="TC01_testLogin(java.util.Map)[pri:0, instance:demo.testSuites.ReadExcelFile@23faae85]" started-at="2026-02-27T16:15:02 GMT+07:00" name="TC01_testLogin" data-provider="loginData" finished-at="2026-02-27T16:15:11 GMT+07:00" duration-ms="8894" status="PASS">
          <params>
            <param index="0">
              <value>
                <![CDATA[{=, User=tongdai3@gmail.com, RunMode=Yes, Password=123456}]]>
              </value>
            </param>
          </params>
          <reporter-output>
          </reporter-output>
        </test-method> <!-- TC01_testLogin -->
        <test-method is-config="true" signature="AfterMethod()[pri:0, instance:demo.testSuites.ReadExcelFile@23faae85]" started-at="2026-02-27T16:15:11 GMT+07:00" name="AfterMethod" finished-at="2026-02-27T16:15:11 GMT+07:00" duration-ms="351" status="PASS">
          <reporter-output>
          </reporter-output>
        </test-method> <!-- AfterMethod -->
        <test-method is-config="true" signature="BeforeMethod(java.lang.String,java.lang.String)[pri:0, instance:demo.testSuites.ReadExcelFile@23faae85]" started-at="2026-02-27T16:15:11 GMT+07:00" name="BeforeMethod" finished-at="2026-02-27T16:15:13 GMT+07:00" duration-ms="2283" status="PASS">
          <params>
            <param index="0">
              <value>
                <![CDATA[chrome]]>
              </value>
            </param>
            <param index="1">
              <value>
                <![CDATA[https://stg-crm.smarthiz.vn/login]]>
              </value>
            </param>
          </params>
          <reporter-output>
          </reporter-output>
        </test-method> <!-- BeforeMethod -->
        <test-method signature="TC01_testLogin(java.util.Map)[pri:0, instance:demo.testSuites.ReadExcelFile@23faae85]" started-at="2026-02-27T16:15:13 GMT+07:00" name="TC01_testLogin" data-provider="loginData" finished-at="2026-02-27T16:15:22 GMT+07:00" duration-ms="9068" status="PASS">
          <params>
            <param index="0">
              <value>
                <![CDATA[{=, User=tongdai4@gmail.com, RunMode=Yes, Password=123456}]]>
              </value>
            </param>
          </params>
          <reporter-output>
          </reporter-output>
        </test-method> <!-- TC01_testLogin -->
        <test-method is-config="true" signature="AfterMethod()[pri:0, instance:demo.testSuites.ReadExcelFile@23faae85]" started-at="2026-02-27T16:15:22 GMT+07:00" name="AfterMethod" finished-at="2026-02-27T16:15:23 GMT+07:00" duration-ms="435" status="PASS">
          <reporter-output>
          </reporter-output>
        </test-method> <!-- AfterMethod -->
      </class> <!-- demo.testSuites.ReadExcelFile -->
    </test> <!-- Read Data Excel - Chrome -->
  </suite> <!-- Demo -->
</testng-results>
