<?xml version="1.0" encoding="UTF-8"?>
<testng-results ignored="0" total="1" passed="1" failed="0" skipped="0">
  <reporter-output>
  </reporter-output>
  <suite started-at="2026-03-11T17:39:44 GMT+07:00" name="Demo" finished-at="2026-03-11T17:39:49 GMT+07:00" duration-ms="5159">
    <groups>
    </groups>
    <test started-at="2026-03-11T17:39:44 GMT+07:00" name="API Login - Chrome" finished-at="2026-03-11T17:39:49 GMT+07:00" duration-ms="5159">
      <class name="demo.testSuites.TestApi">
        <test-method signature="TC01_testAPILogin()[pri:0, instance:demo.testSuites.TestApi@7917317d]" started-at="2026-03-11T17:39:44 GMT+07:00" name="TC01_testAPILogin" finished-at="2026-03-11T17:39:49 GMT+07:00" duration-ms="4964" status="PASS">
          <reporter-output>
          </reporter-output>
        </test-method> <!-- TC01_testAPILogin -->
      </class> <!-- demo.testSuites.TestApi -->
    </test> <!-- API Login - Chrome -->
  </suite> <!-- Demo -->
</testng-results>
