<?xml version="1.0" encoding="UTF-8"?>
<testng-results ignored="0" total="1" passed="1" failed="0" skipped="0">
  <reporter-output>
  </reporter-output>
  <suite started-at="2026-01-26T16:26:00 GMT+07:00" name="CRM" finished-at="2026-01-26T16:26:24 GMT+07:00" duration-ms="24447">
    <groups>
    </groups>
    <test started-at="2026-01-26T16:26:00 GMT+07:00" name="DangNhapTest" finished-at="2026-01-26T16:26:24 GMT+07:00" duration-ms="24447">
      <class name="demo.testSuites.DangNhapTest">
        <test-method is-config="true" signature="deleteFileInReport()[pri:0, instance:demo.testSuites.DangNhapTest@ccd1bc3]" started-at="2026-01-26T16:26:00 GMT+07:00" name="deleteFileInReport" finished-at="2026-01-26T16:26:00 GMT+07:00" duration-ms="44" status="PASS">
          <reporter-output>
          </reporter-output>
        </test-method> <!-- deleteFileInReport -->
        <test-method is-config="true" signature="beforeClass(java.lang.String,java.lang.String)[pri:0, instance:demo.testSuites.DangNhapTest@ccd1bc3]" started-at="2026-01-26T16:26:00 GMT+07:00" name="beforeClass" finished-at="2026-01-26T16:26:07 GMT+07:00" duration-ms="7180" status="PASS">
          <params>
            <param index="0">
              <value>
                <![CDATA[chrome]]>
              </value>
            </param>
            <param index="1">
              <value>
                <![CDATA[https://stg-crm.smarthiz.vn/login]]>
              </value>
            </param>
          </params>
          <reporter-output>
          </reporter-output>
        </test-method> <!-- beforeClass -->
        <test-method signature="DangNhapThanhCong()[pri:1, instance:demo.testSuites.DangNhapTest@ccd1bc3]" started-at="2026-01-26T16:26:07 GMT+07:00" name="DangNhapThanhCong" finished-at="2026-01-26T16:26:24 GMT+07:00" duration-ms="16630" status="PASS">
          <reporter-output>
          </reporter-output>
        </test-method> <!-- DangNhapThanhCong -->
        <test-method is-config="true" signature="afterClass()[pri:0, instance:demo.testSuites.DangNhapTest@ccd1bc3]" started-at="2026-01-26T16:26:24 GMT+07:00" name="afterClass" finished-at="2026-01-26T16:26:24 GMT+07:00" duration-ms="366" status="PASS">
          <reporter-output>
          </reporter-output>
        </test-method> <!-- afterClass -->
      </class> <!-- demo.testSuites.DangNhapTest -->
    </test> <!-- DangNhapTest -->
  </suite> <!-- CRM -->
</testng-results>
