<?xml version="1.0" encoding="UTF-8"?>
<testng-results ignored="0" total="6" passed="6" failed="0" skipped="0">
  <reporter-output>
  </reporter-output>
  <suite started-at="2026-02-26T16:38:04 GMT+07:00" name="Demo" finished-at="2026-02-26T16:38:38 GMT+07:00" duration-ms="34428">
    <groups>
      <group name="Product Added">
        <method signature="TestDependency.TC04_AddNewProductToCart1()[pri:0, instance:demo.testSuites.TestDependency@5d6e77a4]" name="TC04_AddNewProductToCart1" class="demo.testSuites.TestDependency"/>
        <method signature="TestDependency.TC05_AddNewProductToCart2()[pri:0, instance:demo.testSuites.TestDependency@5d6e77a4]" name="TC05_AddNewProductToCart2" class="demo.testSuites.TestDependency"/>
      </group> <!-- Product Added -->
    </groups>
    <test started-at="2026-02-26T16:38:04 GMT+07:00" name="Dependency - Chrome" finished-at="2026-02-26T16:38:38 GMT+07:00" duration-ms="34428">
      <class name="demo.testSuites.TestDependency">
        <test-method is-config="true" signature="deleteFileInReport()[pri:0, instance:demo.testSuites.TestDependency@5d6e77a4]" started-at="2026-02-26T16:38:04 GMT+07:00" name="deleteFileInReport" finished-at="2026-02-26T16:38:04 GMT+07:00" duration-ms="39" status="PASS">
          <reporter-output>
          </reporter-output>
        </test-method> <!-- deleteFileInReport -->
        <test-method is-config="true" signature="BeforeClass(java.lang.String,java.lang.String)[pri:0, instance:demo.testSuites.TestDependency@5d6e77a4]" started-at="2026-02-26T16:38:04 GMT+07:00" name="BeforeClass" finished-at="2026-02-26T16:38:07 GMT+07:00" duration-ms="3488" status="PASS">
          <params>
            <param index="0">
              <value>
                <![CDATA[chrome]]>
              </value>
            </param>
            <param index="1">
              <value>
                <![CDATA[https://demo.nopcommerce.com/]]>
              </value>
            </param>
          </params>
          <reporter-output>
          </reporter-output>
        </test-method> <!-- BeforeClass -->
        <test-method signature="TC01_AddProductToCart()[pri:0, instance:demo.testSuites.TestDependency@5d6e77a4]" started-at="2026-02-26T16:38:07 GMT+07:00" name="TC01_AddProductToCart" finished-at="2026-02-26T16:38:14 GMT+07:00" duration-ms="6179" status="PASS">
          <reporter-output>
          </reporter-output>
        </test-method> <!-- TC01_AddProductToCart -->
        <test-method signature="TC02_EditProductInCart()[pri:0, instance:demo.testSuites.TestDependency@5d6e77a4]" started-at="2026-02-26T16:38:14 GMT+07:00" name="TC02_EditProductInCart" finished-at="2026-02-26T16:38:20 GMT+07:00" depends-on-methods="demo.testSuites.TestDependency.TC01_AddProductToCart" duration-ms="6282" status="PASS">
          <reporter-output>
          </reporter-output>
        </test-method> <!-- TC02_EditProductInCart -->
        <test-method signature="TC03_DeleteProductInCart()[pri:0, instance:demo.testSuites.TestDependency@5d6e77a4]" started-at="2026-02-26T16:38:20 GMT+07:00" name="TC03_DeleteProductInCart" finished-at="2026-02-26T16:38:21 GMT+07:00" depends-on-methods="demo.testSuites.TestDependency.TC02_EditProductInCart" duration-ms="1238" status="PASS">
          <reporter-output>
          </reporter-output>
        </test-method> <!-- TC03_DeleteProductInCart -->
        <test-method signature="TC04_AddNewProductToCart1()[pri:0, instance:demo.testSuites.TestDependency@5d6e77a4]" started-at="2026-02-26T16:38:21 GMT+07:00" name="TC04_AddNewProductToCart1" finished-at="2026-02-26T16:38:28 GMT+07:00" duration-ms="7250" status="PASS">
          <reporter-output>
          </reporter-output>
        </test-method> <!-- TC04_AddNewProductToCart1 -->
        <test-method signature="TC05_AddNewProductToCart2()[pri:0, instance:demo.testSuites.TestDependency@5d6e77a4]" started-at="2026-02-26T16:38:28 GMT+07:00" name="TC05_AddNewProductToCart2" finished-at="2026-02-26T16:38:35 GMT+07:00" depends-on-methods="demo.testSuites.TestDependency.TC04_AddNewProductToCart1" duration-ms="6921" status="PASS">
          <reporter-output>
          </reporter-output>
        </test-method> <!-- TC05_AddNewProductToCart2 -->
        <test-method signature="TC06_CheckoutProduct()[pri:0, instance:demo.testSuites.TestDependency@5d6e77a4]" started-at="2026-02-26T16:38:35 GMT+07:00" name="TC06_CheckoutProduct" depends-on-groups="Product Added" finished-at="2026-02-26T16:38:38 GMT+07:00" duration-ms="2526" status="PASS">
          <reporter-output>
          </reporter-output>
        </test-method> <!-- TC06_CheckoutProduct -->
        <test-method is-config="true" signature="AfterClass()[pri:0, instance:demo.testSuites.TestDependency@5d6e77a4]" started-at="2026-02-26T16:38:38 GMT+07:00" name="AfterClass" finished-at="2026-02-26T16:38:38 GMT+07:00" duration-ms="281" status="PASS">
          <reporter-output>
          </reporter-output>
        </test-method> <!-- AfterClass -->
      </class> <!-- demo.testSuites.TestDependency -->
    </test> <!-- Dependency - Chrome -->
  </suite> <!-- Demo -->
</testng-results>
