<?xml version="1.0" encoding="UTF-8"?>
<testng-results ignored="0" total="3" passed="3" failed="0" skipped="0">
  <reporter-output>
  </reporter-output>
  <suite started-at="2026-02-11T17:17:13 GMT+07:00" name="CRM" finished-at="2026-02-11T17:17:35 GMT+07:00" duration-ms="22359">
    <groups>
    </groups>
    <test started-at="2026-02-11T17:17:13 GMT+07:00" name="SwitchTab - Chrome" finished-at="2026-02-11T17:17:35 GMT+07:00" duration-ms="22359">
      <class name="demo.testSuites.SwitchTab">
        <test-method is-config="true" signature="deleteFileInReport()[pri:0, instance:demo.testSuites.SwitchTab@682bd3c4]" started-at="2026-02-11T17:17:13 GMT+07:00" name="deleteFileInReport" finished-at="2026-02-11T17:17:13 GMT+07:00" duration-ms="48" status="PASS">
          <reporter-output>
          </reporter-output>
        </test-method> <!-- deleteFileInReport -->
        <test-method is-config="true" signature="beforeMethod(java.lang.String,java.lang.String)[pri:0, instance:demo.testSuites.SwitchTab@682bd3c4]" started-at="2026-02-11T17:17:13 GMT+07:00" name="beforeMethod" finished-at="2026-02-11T17:17:20 GMT+07:00" duration-ms="6900" status="PASS">
          <params>
            <param index="0">
              <value>
                <![CDATA[chrome]]>
              </value>
            </param>
            <param index="1">
              <value>
                <![CDATA[https://the-internet.herokuapp.com/windows]]>
              </value>
            </param>
          </params>
          <reporter-output>
          </reporter-output>
        </test-method> <!-- beforeMethod -->
        <test-method signature="SwtichTabByTitle()[pri:1, instance:demo.testSuites.SwitchTab@682bd3c4]" started-at="2026-02-11T17:17:20 GMT+07:00" name="SwtichTabByTitle" finished-at="2026-02-11T17:17:24 GMT+07:00" duration-ms="4145" status="PASS">
          <reporter-output>
          </reporter-output>
        </test-method> <!-- SwtichTabByTitle -->
        <test-method is-config="true" signature="afterMethod()[pri:0, instance:demo.testSuites.SwitchTab@682bd3c4]" started-at="2026-02-11T17:17:24 GMT+07:00" name="afterMethod" finished-at="2026-02-11T17:17:24 GMT+07:00" duration-ms="137" status="PASS">
          <reporter-output>
          </reporter-output>
        </test-method> <!-- afterMethod -->
        <test-method is-config="true" signature="beforeMethod(java.lang.String,java.lang.String)[pri:0, instance:demo.testSuites.SwitchTab@682bd3c4]" started-at="2026-02-11T17:17:24 GMT+07:00" name="beforeMethod" finished-at="2026-02-11T17:17:28 GMT+07:00" duration-ms="4223" status="PASS">
          <params>
            <param index="0">
              <value>
                <![CDATA[chrome]]>
              </value>
            </param>
            <param index="1">
              <value>
                <![CDATA[https://the-internet.herokuapp.com/windows]]>
              </value>
            </param>
          </params>
          <reporter-output>
          </reporter-output>
        </test-method> <!-- beforeMethod -->
        <test-method signature="SwtichTabByUrl()[pri:2, instance:demo.testSuites.SwitchTab@682bd3c4]" started-at="2026-02-11T17:17:28 GMT+07:00" name="SwtichTabByUrl" finished-at="2026-02-11T17:17:29 GMT+07:00" duration-ms="931" status="PASS">
          <reporter-output>
          </reporter-output>
        </test-method> <!-- SwtichTabByUrl -->
        <test-method is-config="true" signature="afterMethod()[pri:0, instance:demo.testSuites.SwitchTab@682bd3c4]" started-at="2026-02-11T17:17:29 GMT+07:00" name="afterMethod" finished-at="2026-02-11T17:17:30 GMT+07:00" duration-ms="198" status="PASS">
          <reporter-output>
          </reporter-output>
        </test-method> <!-- afterMethod -->
        <test-method is-config="true" signature="beforeMethod(java.lang.String,java.lang.String)[pri:0, instance:demo.testSuites.SwitchTab@682bd3c4]" started-at="2026-02-11T17:17:30 GMT+07:00" name="beforeMethod" finished-at="2026-02-11T17:17:34 GMT+07:00" duration-ms="4453" status="PASS">
          <params>
            <param index="0">
              <value>
                <![CDATA[chrome]]>
              </value>
            </param>
            <param index="1">
              <value>
                <![CDATA[https://the-internet.herokuapp.com/windows]]>
              </value>
            </param>
          </params>
          <reporter-output>
          </reporter-output>
        </test-method> <!-- beforeMethod -->
        <test-method signature="SwtichTabByIndex()[pri:3, instance:demo.testSuites.SwitchTab@682bd3c4]" started-at="2026-02-11T17:17:34 GMT+07:00" name="SwtichTabByIndex" finished-at="2026-02-11T17:17:35 GMT+07:00" duration-ms="863" status="PASS">
          <reporter-output>
          </reporter-output>
        </test-method> <!-- SwtichTabByIndex -->
        <test-method is-config="true" signature="afterMethod()[pri:0, instance:demo.testSuites.SwitchTab@682bd3c4]" started-at="2026-02-11T17:17:35 GMT+07:00" name="afterMethod" finished-at="2026-02-11T17:17:35 GMT+07:00" duration-ms="184" status="PASS">
          <reporter-output>
          </reporter-output>
        </test-method> <!-- afterMethod -->
      </class> <!-- demo.testSuites.SwitchTab -->
    </test> <!-- SwitchTab - Chrome -->
  </suite> <!-- CRM -->
</testng-results>
