<?xml version="1.0" encoding="UTF-8"?>
<testng-results ignored="0" total="1" passed="1" failed="0" skipped="0">
  <reporter-output>
  </reporter-output>
  <suite started-at="2026-03-16T18:03:32 GMT+07:00" name="Demo" finished-at="2026-03-16T18:04:09 GMT+07:00" duration-ms="36535">
    <groups>
    </groups>
    <test started-at="2026-03-16T18:03:32 GMT+07:00" name="App - Chrome" finished-at="2026-03-16T18:04:09 GMT+07:00" duration-ms="36535">
      <class name="demo.mobile.testScripts.DemoApp">
        <test-method is-config="true" signature="beforeMethod(java.lang.String,java.lang.String)[pri:0, instance:demo.mobile.testScripts.DemoApp@7f0b2bf1]" started-at="2026-03-16T18:03:33 GMT+07:00" name="beforeMethod" finished-at="2026-03-16T18:03:45 GMT+07:00" duration-ms="12338" status="PASS">
          <params>
            <param index="0">
              <value>
                <![CDATA[V350C]]>
              </value>
            </param>
            <param index="1">
              <value>
                <![CDATA[http://127.0.0.1:4723]]>
              </value>
            </param>
          </params>
          <reporter-output>
          </reporter-output>
        </test-method> <!-- beforeMethod -->
        <test-method signature="LoginKTV()[pri:1, instance:demo.mobile.testScripts.DemoApp@7f0b2bf1]" started-at="2026-03-16T18:03:45 GMT+07:00" name="LoginKTV" finished-at="2026-03-16T18:04:09 GMT+07:00" duration-ms="23575" status="PASS">
          <reporter-output>
          </reporter-output>
        </test-method> <!-- LoginKTV -->
        <test-method is-config="true" signature="afterMethod()[pri:0, instance:demo.mobile.testScripts.DemoApp@7f0b2bf1]" started-at="2026-03-16T18:04:09 GMT+07:00" name="afterMethod" finished-at="2026-03-16T18:04:09 GMT+07:00" duration-ms="409" status="PASS">
          <reporter-output>
          </reporter-output>
        </test-method> <!-- afterMethod -->
      </class> <!-- demo.mobile.testScripts.DemoApp -->
    </test> <!-- App - Chrome -->
  </suite> <!-- Demo -->
</testng-results>
