<?xml version="1.0" encoding="UTF-8"?>
<!-- Generated by org.testng.reporters.JUnitReportReporter -->
<testsuite hostname="Admin-PC" failures="0" tests="2" name="demo.testSuites.HandleShadowDOM" time="11.971" errors="0" timestamp="2026-02-25T14:48:01 GMT+07:00" skipped="0">
  <testcase classname="demo.testSuites.HandleShadowDOM" name="HandleShadowDOMSingle" time="6.746"/>
  <testcase classname="demo.testSuites.HandleShadowDOM" name="HandleShadowDOMNested" time="5.225"/>
</testsuite> <!-- demo.testSuites.HandleShadowDOM -->
