<?xml version="1.0" encoding="UTF-8"?>
<!-- Generated by org.testng.reporters.JUnitReportReporter -->
<testsuite hostname="Admin-PC" failures="0" tests="6" name="demo.testSuites.TestDependency" time="30.396" errors="0" timestamp="2026-02-26T16:38:38 GMT+07:00" skipped="0">
  <testcase classname="demo.testSuites.TestDependency" name="TC04_AddNewProductToCart1" time="7.250"/>
  <testcase classname="demo.testSuites.TestDependency" name="TC06_CheckoutProduct" time="2.526"/>
  <testcase classname="demo.testSuites.TestDependency" name="TC02_EditProductInCart" time="6.282"/>
  <testcase classname="demo.testSuites.TestDependency" name="TC01_AddProductToCart" time="6.179"/>
  <testcase classname="demo.testSuites.TestDependency" name="TC05_AddNewProductToCart2" time="6.921"/>
  <testcase classname="demo.testSuites.TestDependency" name="TC03_DeleteProductInCart" time="1.238"/>
</testsuite> <!-- demo.testSuites.TestDependency -->
