<?xml version="1.0" encoding="UTF-8"?>
<!-- Generated by org.testng.reporters.JUnitReportReporter -->
<testsuite hostname="Admin-PC" failures="0" tests="3" name="demo.testSuites.SwitchTab" time="22.034" errors="0" timestamp="2026-02-11T17:17:35 GMT+07:00" skipped="0">
  <testcase classname="demo.testSuites.SwitchTab" name="SwtichTabByTitle" time="11.243"/>
  <testcase classname="demo.testSuites.SwitchTab" name="SwtichTabByUrl" time="5.521"/>
  <testcase classname="demo.testSuites.SwitchTab" name="SwtichTabByIndex" time="5.270"/>
</testsuite> <!-- demo.testSuites.SwitchTab -->
