<?xml version="1.0" encoding="UTF-8"?>
<!-- Generated by org.testng.reporters.JUnitReportReporter -->
<testsuite hostname="DESKTOP-RDLS5V0" failures="0" tests="2" name="demo.testSuites.TestDependency" time="4.745" errors="0" timestamp="2026-02-25T22:40:51 ICT" skipped="0">
  <testcase classname="demo.testSuites.TestDependency" name="AddProductToCart" time="4.745"/>
  <testcase classname="demo.testSuites.TestDependency" name="HandleShadowDOMNested" time="0.000"/>
</testsuite> <!-- demo.testSuites.TestDependency -->
