<?xml version="1.0" encoding="UTF-8"?>
<!-- Generated by org.testng.reporters.JUnitReportReporter -->
<testsuite hostname="Admin-PC" failures="0" tests="3" name="demo.testSuites.HandleAlert" time="15.454" errors="0" timestamp="2026-02-10T14:14:35 GMT+07:00" skipped="0">
  <testcase classname="demo.testSuites.HandleAlert" name="HandleAlertBasic" time="4.821"/>
  <testcase classname="demo.testSuites.HandleAlert" name="HandleConfirm" time="6.374"/>
  <testcase classname="demo.testSuites.HandleAlert" name="HandlePrompt" time="4.259"/>
</testsuite> <!-- demo.testSuites.HandleAlert -->
