<?xml version="1.0" encoding="UTF-8"?>
<!-- Generated by org.testng.reporters.JUnitReportReporter -->
<testsuite hostname="Admin-PC" failures="0" tests="4" name="demo.testSuites.ReadExcelFile" time="57.486" errors="0" timestamp="2026-02-27T16:15:23 GMT+07:00" skipped="0">
  <testcase classname="demo.testSuites.ReadExcelFile" name="TC01_testLogin" time="13.146"/>
  <testcase classname="demo.testSuites.ReadExcelFile" name="TC01_testLogin" time="12.238"/>
  <testcase classname="demo.testSuites.ReadExcelFile" name="TC01_testLogin" time="11.246"/>
  <testcase classname="demo.testSuites.ReadExcelFile" name="TC01_testLogin" time="20.856"/>
</testsuite> <!-- demo.testSuites.ReadExcelFile -->
